2013/10/11 10:22:57 [error] [system.db.CDbCommand] CDbCommand::execute() failed: SQLSTATE[23000]: Integrity constraint violation: 1062 Duplicate entry 'XVT_111013' for key 'num'. The SQL statement executed was: INSERT INTO `inv_warehouseout` (`amounttotal`, `create_uid`, `num`, `date`, `note`, `wh_id`, `status`, `branch_id`, `create_date`, `update_uid`, `update_date`) VALUES (:yp0, :yp1, :yp2, :yp3, :yp4, :yp5, :yp6, :yp7, :yp8, :yp9, :yp10). Bound with :yp0='0.00', :yp1=1, :yp2='XVT_111013', :yp3='2013-10-31', :yp4=' Hàng xuất sử dụng ', :yp5=82, :yp6=0, :yp7=1, :yp8='2013-10-11 10:22:57', :yp9=1, :yp10='2013-10-11 10:22:57'.
in C:\OpenServer\domains\www.minhtamprolab.com.vn\protected\modules\inv\controllers\WarehouseoutController.php (578)
in C:\OpenServer\domains\www.minhtamprolab.com.vn\protected\modules\inv\controllers\WarehouseoutController.php (537)
in C:\OpenServer\domains\www.minhtamprolab.com.vn\protected\modules\rights\components\RController.php (43)
2013/10/11 10:22:57 [error] [exception.CDbException] exception 'CDbException' with message 'CDbCommand không thể thi hành câu truy vấn SQL: SQLSTATE[23000]: Integrity constraint violation: 1062 Duplicate entry 'XVT_111013' for key 'num'. The SQL statement executed was: INSERT INTO `inv_warehouseout` (`amounttotal`, `create_uid`, `num`, `date`, `note`, `wh_id`, `status`, `branch_id`, `create_date`, `update_uid`, `update_date`) VALUES (:yp0, :yp1, :yp2, :yp3, :yp4, :yp5, :yp6, :yp7, :yp8, :yp9, :yp10). Bound with :yp0='0.00', :yp1=1, :yp2='XVT_111013', :yp3='2013-10-31', :yp4=' Hàng xuất sử dụng ', :yp5=82, :yp6=0, :yp7=1, :yp8='2013-10-11 10:22:57', :yp9=1, :yp10='2013-10-11 10:22:57'' in C:\OpenServer\domains\www.minhtamprolab.com.vn\framework\db\CDbCommand.php:354
Stack trace:
#0 C:\OpenServer\domains\www.minhtamprolab.com.vn\framework\db\ar\CActiveRecord.php(1017): CDbCommand->execute()
#1 C:\OpenServer\domains\www.minhtamprolab.com.vn\framework\db\ar\CActiveRecord.php(796): CActiveRecord->insert(NULL)
#2 C:\OpenServer\domains\www.minhtamprolab.com.vn\protected\modules\inv\controllers\WarehouseoutController.php(578): CActiveRecord->save(false)
#3 C:\OpenServer\domains\www.minhtamprolab.com.vn\protected\modules\inv\controllers\WarehouseoutController.php(537): WarehouseoutController->createWarehouseOut('2013-10-23', '2013-10-31', '82')
#4 C:\OpenServer\domains\www.minhtamprolab.com.vn\framework\web\actions\CInlineAction.php(50): WarehouseoutController->actionProductUsed()
#5 C:\OpenServer\domains\www.minhtamprolab.com.vn\framework\web\CController.php(309): CInlineAction->runWithParams(Array)
#6 C:\OpenServer\domains\www.minhtamprolab.com.vn\framework\web\filters\CFilterChain.php(134): CController->runAction(Object(CInlineAction))
#7 C:\OpenServer\domains\www.minhtamprolab.com.vn\framework\web\filters\CFilter.php(41): CFilterChain->run()
#8 C:\OpenServer\domains\www.minhtamprolab.com.vn\protected\modules\rights\components\RController.php(43): CFilter->filter(Object(CFilterChain))
#9 C:\OpenServer\domains\www.minhtamprolab.com.vn\framework\web\filters\CInlineFilter.php(59): RController->filterRights(Object(CFilterChain))
#10 C:\OpenServer\domains\www.minhtamprolab.com.vn\framework\web\filters\CFilterChain.php(131): CInlineFilter->filter(Object(CFilterChain))
#11 C:\OpenServer\domains\www.minhtamprolab.com.vn\framework\web\CController.php(292): CFilterChain->run()
#12 C:\OpenServer\domains\www.minhtamprolab.com.vn\framework\web\CController.php(266): CController->runActionWithFilters(Object(CInlineAction), Array)
#13 C:\OpenServer\domains\www.minhtamprolab.com.vn\framework\web\CWebApplication.php(283): CController->run('productused')
#14 C:\OpenServer\domains\www.minhtamprolab.com.vn\framework\web\CWebApplication.php(142): CWebApplication->runController('inv/warehouseou...')
#15 C:\OpenServer\domains\www.minhtamprolab.com.vn\framework\base\CApplication.php(162): CWebApplication->processRequest()
#16 C:\OpenServer\domains\www.minhtamprolab.com.vn\index.php(17): CApplication->run()
#17 {main}
REQUEST_URI=/index.php?r=inv/warehouseout/productused
HTTP_REFERER=http://www.minhtamprolab.com.vn:8085/index.php?r=inv/warehouseout/productused
---
2013/10/11 10:24:11 [error] [system.db.CDbCommand] CDbCommand::execute() failed: SQLSTATE[23000]: Integrity constraint violation: 1062 Duplicate entry 'XVT_111013' for key 'num'. The SQL statement executed was: INSERT INTO `inv_warehouseout` (`amounttotal`, `create_uid`, `num`, `date`, `note`, `wh_id`, `status`, `branch_id`, `create_date`, `update_uid`, `update_date`) VALUES (:yp0, :yp1, :yp2, :yp3, :yp4, :yp5, :yp6, :yp7, :yp8, :yp9, :yp10). Bound with :yp0='0.00', :yp1=1, :yp2='XVT_111013', :yp3='2013-10-31', :yp4=' Hàng xuất sử dụng ', :yp5=82, :yp6=0, :yp7=1, :yp8='2013-10-11 10:24:11', :yp9=1, :yp10='2013-10-11 10:24:11'.
in C:\OpenServer\domains\www.minhtamprolab.com.vn\protected\modules\inv\controllers\WarehouseoutController.php (578)
in C:\OpenServer\domains\www.minhtamprolab.com.vn\protected\modules\inv\controllers\WarehouseoutController.php (537)
in C:\OpenServer\domains\www.minhtamprolab.com.vn\protected\modules\rights\components\RController.php (43)
2013/10/11 10:24:11 [error] [exception.CDbException] exception 'CDbException' with message 'CDbCommand không thể thi hành câu truy vấn SQL: SQLSTATE[23000]: Integrity constraint violation: 1062 Duplicate entry 'XVT_111013' for key 'num'. The SQL statement executed was: INSERT INTO `inv_warehouseout` (`amounttotal`, `create_uid`, `num`, `date`, `note`, `wh_id`, `status`, `branch_id`, `create_date`, `update_uid`, `update_date`) VALUES (:yp0, :yp1, :yp2, :yp3, :yp4, :yp5, :yp6, :yp7, :yp8, :yp9, :yp10). Bound with :yp0='0.00', :yp1=1, :yp2='XVT_111013', :yp3='2013-10-31', :yp4=' Hàng xuất sử dụng ', :yp5=82, :yp6=0, :yp7=1, :yp8='2013-10-11 10:24:11', :yp9=1, :yp10='2013-10-11 10:24:11'' in C:\OpenServer\domains\www.minhtamprolab.com.vn\framework\db\CDbCommand.php:354
Stack trace:
#0 C:\OpenServer\domains\www.minhtamprolab.com.vn\framework\db\ar\CActiveRecord.php(1017): CDbCommand->execute()
#1 C:\OpenServer\domains\www.minhtamprolab.com.vn\framework\db\ar\CActiveRecord.php(796): CActiveRecord->insert(NULL)
#2 C:\OpenServer\domains\www.minhtamprolab.com.vn\protected\modules\inv\controllers\WarehouseoutController.php(578): CActiveRecord->save(false)
#3 C:\OpenServer\domains\www.minhtamprolab.com.vn\protected\modules\inv\controllers\WarehouseoutController.php(537): WarehouseoutController->createWarehouseOut('2013-10-16', '2013-10-31', '82')
#4 C:\OpenServer\domains\www.minhtamprolab.com.vn\framework\web\actions\CInlineAction.php(50): WarehouseoutController->actionProductUsed()
#5 C:\OpenServer\domains\www.minhtamprolab.com.vn\framework\web\CController.php(309): CInlineAction->runWithParams(Array)
#6 C:\OpenServer\domains\www.minhtamprolab.com.vn\framework\web\filters\CFilterChain.php(134): CController->runAction(Object(CInlineAction))
#7 C:\OpenServer\domains\www.minhtamprolab.com.vn\framework\web\filters\CFilter.php(41): CFilterChain->run()
#8 C:\OpenServer\domains\www.minhtamprolab.com.vn\protected\modules\rights\components\RController.php(43): CFilter->filter(Object(CFilterChain))
#9 C:\OpenServer\domains\www.minhtamprolab.com.vn\framework\web\filters\CInlineFilter.php(59): RController->filterRights(Object(CFilterChain))
#10 C:\OpenServer\domains\www.minhtamprolab.com.vn\framework\web\filters\CFilterChain.php(131): CInlineFilter->filter(Object(CFilterChain))
#11 C:\OpenServer\domains\www.minhtamprolab.com.vn\framework\web\CController.php(292): CFilterChain->run()
#12 C:\OpenServer\domains\www.minhtamprolab.com.vn\framework\web\CController.php(266): CController->runActionWithFilters(Object(CInlineAction), Array)
#13 C:\OpenServer\domains\www.minhtamprolab.com.vn\framework\web\CWebApplication.php(283): CController->run('productused')
#14 C:\OpenServer\domains\www.minhtamprolab.com.vn\framework\web\CWebApplication.php(142): CWebApplication->runController('inv/warehouseou...')
#15 C:\OpenServer\domains\www.minhtamprolab.com.vn\framework\base\CApplication.php(162): CWebApplication->processRequest()
#16 C:\OpenServer\domains\www.minhtamprolab.com.vn\index.php(17): CApplication->run()
#17 {main}
REQUEST_URI=/index.php?r=inv/warehouseout/productused
HTTP_REFERER=http://www.minhtamprolab.com.vn:8085/index.php?r=inv/warehouseout/productused
---
2013/10/11 10:26:35 [error] [system.db.CDbCommand] CDbCommand::execute() failed: SQLSTATE[23000]: Integrity constraint violation: 1062 Duplicate entry 'XVT_111013' for key 'num'. The SQL statement executed was: INSERT INTO `inv_warehouseout` (`amounttotal`, `create_uid`, `num`, `date`, `note`, `wh_id`, `status`, `branch_id`, `create_date`, `update_uid`, `update_date`) VALUES (:yp0, :yp1, :yp2, :yp3, :yp4, :yp5, :yp6, :yp7, :yp8, :yp9, :yp10). Bound with :yp0='0.00', :yp1=1, :yp2='XVT_111013', :yp3='2013-10-14', :yp4=' Hàng xuất sử dụng ', :yp5=82, :yp6=0, :yp7=1, :yp8='2013-10-11 10:26:35', :yp9=1, :yp10='2013-10-11 10:26:35'.
in C:\OpenServer\domains\www.minhtamprolab.com.vn\protected\modules\inv\controllers\WarehouseoutController.php (578)
in C:\OpenServer\domains\www.minhtamprolab.com.vn\protected\modules\inv\controllers\WarehouseoutController.php (537)
in C:\OpenServer\domains\www.minhtamprolab.com.vn\protected\modules\rights\components\RController.php (43)
2013/10/11 10:26:35 [error] [exception.CDbException] exception 'CDbException' with message 'CDbCommand không thể thi hành câu truy vấn SQL: SQLSTATE[23000]: Integrity constraint violation: 1062 Duplicate entry 'XVT_111013' for key 'num'. The SQL statement executed was: INSERT INTO `inv_warehouseout` (`amounttotal`, `create_uid`, `num`, `date`, `note`, `wh_id`, `status`, `branch_id`, `create_date`, `update_uid`, `update_date`) VALUES (:yp0, :yp1, :yp2, :yp3, :yp4, :yp5, :yp6, :yp7, :yp8, :yp9, :yp10). Bound with :yp0='0.00', :yp1=1, :yp2='XVT_111013', :yp3='2013-10-14', :yp4=' Hàng xuất sử dụng ', :yp5=82, :yp6=0, :yp7=1, :yp8='2013-10-11 10:26:35', :yp9=1, :yp10='2013-10-11 10:26:35'' in C:\OpenServer\domains\www.minhtamprolab.com.vn\framework\db\CDbCommand.php:354
Stack trace:
#0 C:\OpenServer\domains\www.minhtamprolab.com.vn\framework\db\ar\CActiveRecord.php(1017): CDbCommand->execute()
#1 C:\OpenServer\domains\www.minhtamprolab.com.vn\framework\db\ar\CActiveRecord.php(796): CActiveRecord->insert(NULL)
#2 C:\OpenServer\domains\www.minhtamprolab.com.vn\protected\modules\inv\controllers\WarehouseoutController.php(578): CActiveRecord->save(false)
#3 C:\OpenServer\domains\www.minhtamprolab.com.vn\protected\modules\inv\controllers\WarehouseoutController.php(537): WarehouseoutController->createWarehouseOut('2013-10-14', '2013-10-14', '82')
#4 C:\OpenServer\domains\www.minhtamprolab.com.vn\framework\web\actions\CInlineAction.php(50): WarehouseoutController->actionProductUsed()
#5 C:\OpenServer\domains\www.minhtamprolab.com.vn\framework\web\CController.php(309): CInlineAction->runWithParams(Array)
#6 C:\OpenServer\domains\www.minhtamprolab.com.vn\framework\web\filters\CFilterChain.php(134): CController->runAction(Object(CInlineAction))
#7 C:\OpenServer\domains\www.minhtamprolab.com.vn\framework\web\filters\CFilter.php(41): CFilterChain->run()
#8 C:\OpenServer\domains\www.minhtamprolab.com.vn\protected\modules\rights\components\RController.php(43): CFilter->filter(Object(CFilterChain))
#9 C:\OpenServer\domains\www.minhtamprolab.com.vn\framework\web\filters\CInlineFilter.php(59): RController->filterRights(Object(CFilterChain))
#10 C:\OpenServer\domains\www.minhtamprolab.com.vn\framework\web\filters\CFilterChain.php(131): CInlineFilter->filter(Object(CFilterChain))
#11 C:\OpenServer\domains\www.minhtamprolab.com.vn\framework\web\CController.php(292): CFilterChain->run()
#12 C:\OpenServer\domains\www.minhtamprolab.com.vn\framework\web\CController.php(266): CController->runActionWithFilters(Object(CInlineAction), Array)
#13 C:\OpenServer\domains\www.minhtamprolab.com.vn\framework\web\CWebApplication.php(283): CController->run('productused')
#14 C:\OpenServer\domains\www.minhtamprolab.com.vn\framework\web\CWebApplication.php(142): CWebApplication->runController('inv/warehouseou...')
#15 C:\OpenServer\domains\www.minhtamprolab.com.vn\framework\base\CApplication.php(162): CWebApplication->processRequest()
#16 C:\OpenServer\domains\www.minhtamprolab.com.vn\index.php(17): CApplication->run()
#17 {main}
REQUEST_URI=/index.php?r=inv/warehouseout/productused
HTTP_REFERER=http://www.minhtamprolab.com.vn:8085/index.php?r=inv/warehouseout/productused
---
2013/10/11 10:28:12 [error] [system.db.CDbCommand] CDbCommand::execute() failed: SQLSTATE[23000]: Integrity constraint violation: 1062 Duplicate entry 'XVT_111013' for key 'num'. The SQL statement executed was: INSERT INTO `inv_warehouseout` (`amounttotal`, `create_uid`, `num`, `date`, `note`, `wh_id`, `status`, `branch_id`, `create_date`, `update_uid`, `update_date`) VALUES (:yp0, :yp1, :yp2, :yp3, :yp4, :yp5, :yp6, :yp7, :yp8, :yp9, :yp10). Bound with :yp0='0.00', :yp1=1, :yp2='XVT_111013', :yp3='2013-10-14', :yp4=' Hàng xuất sử dụng ', :yp5=82, :yp6=0, :yp7=1, :yp8='2013-10-11 10:28:12', :yp9=1, :yp10='2013-10-11 10:28:12'.
in C:\OpenServer\domains\www.minhtamprolab.com.vn\protected\modules\inv\controllers\WarehouseoutController.php (578)
in C:\OpenServer\domains\www.minhtamprolab.com.vn\protected\modules\inv\controllers\WarehouseoutController.php (537)
in C:\OpenServer\domains\www.minhtamprolab.com.vn\protected\modules\rights\components\RController.php (43)
2013/10/11 10:28:12 [error] [exception.CDbException] exception 'CDbException' with message 'CDbCommand không thể thi hành câu truy vấn SQL: SQLSTATE[23000]: Integrity constraint violation: 1062 Duplicate entry 'XVT_111013' for key 'num'. The SQL statement executed was: INSERT INTO `inv_warehouseout` (`amounttotal`, `create_uid`, `num`, `date`, `note`, `wh_id`, `status`, `branch_id`, `create_date`, `update_uid`, `update_date`) VALUES (:yp0, :yp1, :yp2, :yp3, :yp4, :yp5, :yp6, :yp7, :yp8, :yp9, :yp10). Bound with :yp0='0.00', :yp1=1, :yp2='XVT_111013', :yp3='2013-10-14', :yp4=' Hàng xuất sử dụng ', :yp5=82, :yp6=0, :yp7=1, :yp8='2013-10-11 10:28:12', :yp9=1, :yp10='2013-10-11 10:28:12'' in C:\OpenServer\domains\www.minhtamprolab.com.vn\framework\db\CDbCommand.php:354
Stack trace:
#0 C:\OpenServer\domains\www.minhtamprolab.com.vn\framework\db\ar\CActiveRecord.php(1017): CDbCommand->execute()
#1 C:\OpenServer\domains\www.minhtamprolab.com.vn\framework\db\ar\CActiveRecord.php(796): CActiveRecord->insert(NULL)
#2 C:\OpenServer\domains\www.minhtamprolab.com.vn\protected\modules\inv\controllers\WarehouseoutController.php(578): CActiveRecord->save(false)
#3 C:\OpenServer\domains\www.minhtamprolab.com.vn\protected\modules\inv\controllers\WarehouseoutController.php(537): WarehouseoutController->createWarehouseOut('2013-10-14', '2013-10-14', '82')
#4 C:\OpenServer\domains\www.minhtamprolab.com.vn\framework\web\actions\CInlineAction.php(50): WarehouseoutController->actionProductUsed()
#5 C:\OpenServer\domains\www.minhtamprolab.com.vn\framework\web\CController.php(309): CInlineAction->runWithParams(Array)
#6 C:\OpenServer\domains\www.minhtamprolab.com.vn\framework\web\filters\CFilterChain.php(134): CController->runAction(Object(CInlineAction))
#7 C:\OpenServer\domains\www.minhtamprolab.com.vn\framework\web\filters\CFilter.php(41): CFilterChain->run()
#8 C:\OpenServer\domains\www.minhtamprolab.com.vn\protected\modules\rights\components\RController.php(43): CFilter->filter(Object(CFilterChain))
#9 C:\OpenServer\domains\www.minhtamprolab.com.vn\framework\web\filters\CInlineFilter.php(59): RController->filterRights(Object(CFilterChain))
#10 C:\OpenServer\domains\www.minhtamprolab.com.vn\framework\web\filters\CFilterChain.php(131): CInlineFilter->filter(Object(CFilterChain))
#11 C:\OpenServer\domains\www.minhtamprolab.com.vn\framework\web\CController.php(292): CFilterChain->run()
#12 C:\OpenServer\domains\www.minhtamprolab.com.vn\framework\web\CController.php(266): CController->runActionWithFilters(Object(CInlineAction), Array)
#13 C:\OpenServer\domains\www.minhtamprolab.com.vn\framework\web\CWebApplication.php(283): CController->run('productused')
#14 C:\OpenServer\domains\www.minhtamprolab.com.vn\framework\web\CWebApplication.php(142): CWebApplication->runController('inv/warehouseou...')
#15 C:\OpenServer\domains\www.minhtamprolab.com.vn\framework\base\CApplication.php(162): CWebApplication->processRequest()
#16 C:\OpenServer\domains\www.minhtamprolab.com.vn\index.php(17): CApplication->run()
#17 {main}
REQUEST_URI=/index.php?r=inv/warehouseout/productused
HTTP_REFERER=http://www.minhtamprolab.com.vn:8085/index.php?r=inv/warehouseout/productused
---
2013/10/11 10:38:18 [error] [system.db.CDbCommand] CDbCommand::execute() failed: SQLSTATE[23000]: Integrity constraint violation: 1062 Duplicate entry 'XVT_111013' for key 'num'. The SQL statement executed was: INSERT INTO `inv_warehouseout` (`amounttotal`, `create_uid`, `num`, `date`, `note`, `wh_id`, `status`, `branch_id`, `create_date`, `update_uid`, `update_date`) VALUES (:yp0, :yp1, :yp2, :yp3, :yp4, :yp5, :yp6, :yp7, :yp8, :yp9, :yp10). Bound with :yp0='0.00', :yp1=1, :yp2='XVT_111013', :yp3='2013-10-14', :yp4=' Hàng xuất sử dụng ', :yp5=82, :yp6=0, :yp7=1, :yp8='2013-10-11 10:38:18', :yp9=1, :yp10='2013-10-11 10:38:18'.
in C:\OpenServer\domains\www.minhtamprolab.com.vn\protected\modules\inv\controllers\WarehouseoutController.php (578)
in C:\OpenServer\domains\www.minhtamprolab.com.vn\protected\modules\inv\controllers\WarehouseoutController.php (537)
in C:\OpenServer\domains\www.minhtamprolab.com.vn\protected\modules\rights\components\RController.php (43)
2013/10/11 10:38:18 [error] [exception.CDbException] exception 'CDbException' with message 'CDbCommand không thể thi hành câu truy vấn SQL: SQLSTATE[23000]: Integrity constraint violation: 1062 Duplicate entry 'XVT_111013' for key 'num'. The SQL statement executed was: INSERT INTO `inv_warehouseout` (`amounttotal`, `create_uid`, `num`, `date`, `note`, `wh_id`, `status`, `branch_id`, `create_date`, `update_uid`, `update_date`) VALUES (:yp0, :yp1, :yp2, :yp3, :yp4, :yp5, :yp6, :yp7, :yp8, :yp9, :yp10). Bound with :yp0='0.00', :yp1=1, :yp2='XVT_111013', :yp3='2013-10-14', :yp4=' Hàng xuất sử dụng ', :yp5=82, :yp6=0, :yp7=1, :yp8='2013-10-11 10:38:18', :yp9=1, :yp10='2013-10-11 10:38:18'' in C:\OpenServer\domains\www.minhtamprolab.com.vn\framework\db\CDbCommand.php:354
Stack trace:
#0 C:\OpenServer\domains\www.minhtamprolab.com.vn\framework\db\ar\CActiveRecord.php(1017): CDbCommand->execute()
#1 C:\OpenServer\domains\www.minhtamprolab.com.vn\framework\db\ar\CActiveRecord.php(796): CActiveRecord->insert(NULL)
#2 C:\OpenServer\domains\www.minhtamprolab.com.vn\protected\modules\inv\controllers\WarehouseoutController.php(578): CActiveRecord->save(false)
#3 C:\OpenServer\domains\www.minhtamprolab.com.vn\protected\modules\inv\controllers\WarehouseoutController.php(537): WarehouseoutController->createWarehouseOut('2013-10-14', '2013-10-14', '82')
#4 C:\OpenServer\domains\www.minhtamprolab.com.vn\framework\web\actions\CInlineAction.php(50): WarehouseoutController->actionProductUsed()
#5 C:\OpenServer\domains\www.minhtamprolab.com.vn\framework\web\CController.php(309): CInlineAction->runWithParams(Array)
#6 C:\OpenServer\domains\www.minhtamprolab.com.vn\framework\web\filters\CFilterChain.php(134): CController->runAction(Object(CInlineAction))
#7 C:\OpenServer\domains\www.minhtamprolab.com.vn\framework\web\filters\CFilter.php(41): CFilterChain->run()
#8 C:\OpenServer\domains\www.minhtamprolab.com.vn\protected\modules\rights\components\RController.php(43): CFilter->filter(Object(CFilterChain))
#9 C:\OpenServer\domains\www.minhtamprolab.com.vn\framework\web\filters\CInlineFilter.php(59): RController->filterRights(Object(CFilterChain))
#10 C:\OpenServer\domains\www.minhtamprolab.com.vn\framework\web\filters\CFilterChain.php(131): CInlineFilter->filter(Object(CFilterChain))
#11 C:\OpenServer\domains\www.minhtamprolab.com.vn\framework\web\CController.php(292): CFilterChain->run()
#12 C:\OpenServer\domains\www.minhtamprolab.com.vn\framework\web\CController.php(266): CController->runActionWithFilters(Object(CInlineAction), Array)
#13 C:\OpenServer\domains\www.minhtamprolab.com.vn\framework\web\CWebApplication.php(283): CController->run('productused')
#14 C:\OpenServer\domains\www.minhtamprolab.com.vn\framework\web\CWebApplication.php(142): CWebApplication->runController('inv/warehouseou...')
#15 C:\OpenServer\domains\www.minhtamprolab.com.vn\framework\base\CApplication.php(162): CWebApplication->processRequest()
#16 C:\OpenServer\domains\www.minhtamprolab.com.vn\index.php(17): CApplication->run()
#17 {main}
REQUEST_URI=/index.php?r=inv/warehouseout/productused
HTTP_REFERER=http://www.minhtamprolab.com.vn:8085/index.php?r=inv/warehouseout/productused
---
2013/10/11 10:40:22 [error] [system.db.CDbCommand] CDbCommand::execute() failed: SQLSTATE[23000]: Integrity constraint violation: 1062 Duplicate entry 'XVT_111013' for key 'num'. The SQL statement executed was: INSERT INTO `inv_warehouseout` (`amounttotal`, `create_uid`, `num`, `date`, `note`, `wh_id`, `status`, `branch_id`, `create_date`, `update_uid`, `update_date`) VALUES (:yp0, :yp1, :yp2, :yp3, :yp4, :yp5, :yp6, :yp7, :yp8, :yp9, :yp10). Bound with :yp0='0.00', :yp1=1, :yp2='XVT_111013', :yp3='2013-10-15', :yp4=' Hàng xuất sử dụng ', :yp5=82, :yp6=0, :yp7=1, :yp8='2013-10-11 10:40:22', :yp9=1, :yp10='2013-10-11 10:40:22'.
in C:\OpenServer\domains\www.minhtamprolab.com.vn\protected\modules\inv\controllers\WarehouseoutController.php (578)
in C:\OpenServer\domains\www.minhtamprolab.com.vn\protected\modules\inv\controllers\WarehouseoutController.php (537)
in C:\OpenServer\domains\www.minhtamprolab.com.vn\protected\modules\rights\components\RController.php (43)
2013/10/11 10:40:22 [error] [exception.CDbException] exception 'CDbException' with message 'CDbCommand không thể thi hành câu truy vấn SQL: SQLSTATE[23000]: Integrity constraint violation: 1062 Duplicate entry 'XVT_111013' for key 'num'. The SQL statement executed was: INSERT INTO `inv_warehouseout` (`amounttotal`, `create_uid`, `num`, `date`, `note`, `wh_id`, `status`, `branch_id`, `create_date`, `update_uid`, `update_date`) VALUES (:yp0, :yp1, :yp2, :yp3, :yp4, :yp5, :yp6, :yp7, :yp8, :yp9, :yp10). Bound with :yp0='0.00', :yp1=1, :yp2='XVT_111013', :yp3='2013-10-15', :yp4=' Hàng xuất sử dụng ', :yp5=82, :yp6=0, :yp7=1, :yp8='2013-10-11 10:40:22', :yp9=1, :yp10='2013-10-11 10:40:22'' in C:\OpenServer\domains\www.minhtamprolab.com.vn\framework\db\CDbCommand.php:354
Stack trace:
#0 C:\OpenServer\domains\www.minhtamprolab.com.vn\framework\db\ar\CActiveRecord.php(1017): CDbCommand->execute()
#1 C:\OpenServer\domains\www.minhtamprolab.com.vn\framework\db\ar\CActiveRecord.php(796): CActiveRecord->insert(NULL)
#2 C:\OpenServer\domains\www.minhtamprolab.com.vn\protected\modules\inv\controllers\WarehouseoutController.php(578): CActiveRecord->save(false)
#3 C:\OpenServer\domains\www.minhtamprolab.com.vn\protected\modules\inv\controllers\WarehouseoutController.php(537): WarehouseoutController->createWarehouseOut('2013-10-15', '2013-10-15', '82')
#4 C:\OpenServer\domains\www.minhtamprolab.com.vn\framework\web\actions\CInlineAction.php(50): WarehouseoutController->actionProductUsed()
#5 C:\OpenServer\domains\www.minhtamprolab.com.vn\framework\web\CController.php(309): CInlineAction->runWithParams(Array)
#6 C:\OpenServer\domains\www.minhtamprolab.com.vn\framework\web\filters\CFilterChain.php(134): CController->runAction(Object(CInlineAction))
#7 C:\OpenServer\domains\www.minhtamprolab.com.vn\framework\web\filters\CFilter.php(41): CFilterChain->run()
#8 C:\OpenServer\domains\www.minhtamprolab.com.vn\protected\modules\rights\components\RController.php(43): CFilter->filter(Object(CFilterChain))
#9 C:\OpenServer\domains\www.minhtamprolab.com.vn\framework\web\filters\CInlineFilter.php(59): RController->filterRights(Object(CFilterChain))
#10 C:\OpenServer\domains\www.minhtamprolab.com.vn\framework\web\filters\CFilterChain.php(131): CInlineFilter->filter(Object(CFilterChain))
#11 C:\OpenServer\domains\www.minhtamprolab.com.vn\framework\web\CController.php(292): CFilterChain->run()
#12 C:\OpenServer\domains\www.minhtamprolab.com.vn\framework\web\CController.php(266): CController->runActionWithFilters(Object(CInlineAction), Array)
#13 C:\OpenServer\domains\www.minhtamprolab.com.vn\framework\web\CWebApplication.php(283): CController->run('productused')
#14 C:\OpenServer\domains\www.minhtamprolab.com.vn\framework\web\CWebApplication.php(142): CWebApplication->runController('inv/warehouseou...')
#15 C:\OpenServer\domains\www.minhtamprolab.com.vn\framework\base\CApplication.php(162): CWebApplication->processRequest()
#16 C:\OpenServer\domains\www.minhtamprolab.com.vn\index.php(17): CApplication->run()
#17 {main}
REQUEST_URI=/index.php?r=inv/warehouseout/productused
HTTP_REFERER=http://www.minhtamprolab.com.vn:8085/index.php?r=inv/warehouseout/productused
---
2013/10/12 10:46:58 [error] [system.db.CDbCommand] CDbCommand::execute() failed: SQLSTATE[23000]: Integrity constraint violation: 1062 Duplicate entry 'XVT_121013' for key 'num'. The SQL statement executed was: INSERT INTO `inv_warehouseout` (`amounttotal`, `create_uid`, `num`, `date`, `note`, `wh_id`, `status`, `branch_id`, `create_date`, `update_uid`, `update_date`) VALUES (:yp0, :yp1, :yp2, :yp3, :yp4, :yp5, :yp6, :yp7, :yp8, :yp9, :yp10). Bound with :yp0='0.00', :yp1=1, :yp2='XVT_121013', :yp3='2013-10-12', :yp4=' Hàng xuất sử dụng ', :yp5=82, :yp6=0, :yp7=1, :yp8='2013-10-12 10:46:58', :yp9=1, :yp10='2013-10-12 10:46:58'.
in C:\OpenServer\domains\www.minhtamprolab.com.vn\protected\modules\inv\controllers\WarehouseoutController.php (578)
in C:\OpenServer\domains\www.minhtamprolab.com.vn\protected\modules\inv\controllers\WarehouseoutController.php (537)
in C:\OpenServer\domains\www.minhtamprolab.com.vn\protected\modules\rights\components\RController.php (43)
2013/10/12 10:46:58 [error] [exception.CDbException] exception 'CDbException' with message 'CDbCommand không thể thi hành câu truy vấn SQL: SQLSTATE[23000]: Integrity constraint violation: 1062 Duplicate entry 'XVT_121013' for key 'num'. The SQL statement executed was: INSERT INTO `inv_warehouseout` (`amounttotal`, `create_uid`, `num`, `date`, `note`, `wh_id`, `status`, `branch_id`, `create_date`, `update_uid`, `update_date`) VALUES (:yp0, :yp1, :yp2, :yp3, :yp4, :yp5, :yp6, :yp7, :yp8, :yp9, :yp10). Bound with :yp0='0.00', :yp1=1, :yp2='XVT_121013', :yp3='2013-10-12', :yp4=' Hàng xuất sử dụng ', :yp5=82, :yp6=0, :yp7=1, :yp8='2013-10-12 10:46:58', :yp9=1, :yp10='2013-10-12 10:46:58'' in C:\OpenServer\domains\www.minhtamprolab.com.vn\framework\db\CDbCommand.php:354
Stack trace:
#0 C:\OpenServer\domains\www.minhtamprolab.com.vn\framework\db\ar\CActiveRecord.php(1017): CDbCommand->execute()
#1 C:\OpenServer\domains\www.minhtamprolab.com.vn\framework\db\ar\CActiveRecord.php(796): CActiveRecord->insert(NULL)
#2 C:\OpenServer\domains\www.minhtamprolab.com.vn\protected\modules\inv\controllers\WarehouseoutController.php(578): CActiveRecord->save(false)
#3 C:\OpenServer\domains\www.minhtamprolab.com.vn\protected\modules\inv\controllers\WarehouseoutController.php(537): WarehouseoutController->createWarehouseOut('2013-10-12', '2013-10-12', '82')
#4 C:\OpenServer\domains\www.minhtamprolab.com.vn\framework\web\actions\CInlineAction.php(50): WarehouseoutController->actionProductUsed()
#5 C:\OpenServer\domains\www.minhtamprolab.com.vn\framework\web\CController.php(309): CInlineAction->runWithParams(Array)
#6 C:\OpenServer\domains\www.minhtamprolab.com.vn\framework\web\filters\CFilterChain.php(134): CController->runAction(Object(CInlineAction))
#7 C:\OpenServer\domains\www.minhtamprolab.com.vn\framework\web\filters\CFilter.php(41): CFilterChain->run()
#8 C:\OpenServer\domains\www.minhtamprolab.com.vn\protected\modules\rights\components\RController.php(43): CFilter->filter(Object(CFilterChain))
#9 C:\OpenServer\domains\www.minhtamprolab.com.vn\framework\web\filters\CInlineFilter.php(59): RController->filterRights(Object(CFilterChain))
#10 C:\OpenServer\domains\www.minhtamprolab.com.vn\framework\web\filters\CFilterChain.php(131): CInlineFilter->filter(Object(CFilterChain))
#11 C:\OpenServer\domains\www.minhtamprolab.com.vn\framework\web\CController.php(292): CFilterChain->run()
#12 C:\OpenServer\domains\www.minhtamprolab.com.vn\framework\web\CController.php(266): CController->runActionWithFilters(Object(CInlineAction), Array)
#13 C:\OpenServer\domains\www.minhtamprolab.com.vn\framework\web\CWebApplication.php(283): CController->run('productused')
#14 C:\OpenServer\domains\www.minhtamprolab.com.vn\framework\web\CWebApplication.php(142): CWebApplication->runController('inv/warehouseou...')
#15 C:\OpenServer\domains\www.minhtamprolab.com.vn\framework\base\CApplication.php(162): CWebApplication->processRequest()
#16 C:\OpenServer\domains\www.minhtamprolab.com.vn\index.php(17): CApplication->run()
#17 {main}
REQUEST_URI=/index.php?r=inv/warehouseout/productused
HTTP_REFERER=http://www.minhtamprolab.com.vn:8085/index.php?r=inv/warehouseout/productused
---
2013/10/13 09:19:39 [error] [php] Only variables should be passed by reference (C:\OpenServer\domains\www.minhtamprolab.com.vn\protected\modules\inv\controllers\TransferController.php:412)
Stack trace:
#0 C:\OpenServer\domains\www.minhtamprolab.com.vn\framework\web\filters\CFilterChain.php(134): TransferController->runAction()
#1 C:\OpenServer\domains\www.minhtamprolab.com.vn\framework\web\filters\CFilter.php(41): CFilterChain->run()
#2 C:\OpenServer\domains\www.minhtamprolab.com.vn\protected\modules\rights\components\RController.php(43): RightsFilter->filter()
#3 C:\OpenServer\domains\www.minhtamprolab.com.vn\framework\web\filters\CInlineFilter.php(59): TransferController->filterRights()
#4 C:\OpenServer\domains\www.minhtamprolab.com.vn\framework\web\filters\CFilterChain.php(131): CInlineFilter->filter()
#5 C:\OpenServer\domains\www.minhtamprolab.com.vn\framework\web\CController.php(292): CFilterChain->run()
#6 C:\OpenServer\domains\www.minhtamprolab.com.vn\framework\web\CController.php(266): TransferController->runActionWithFilters()
#7 C:\OpenServer\domains\www.minhtamprolab.com.vn\framework\web\CWebApplication.php(283): TransferController->run()
#8 C:\OpenServer\domains\www.minhtamprolab.com.vn\framework\web\CWebApplication.php(142): CWebApplication->runController()
#9 C:\OpenServer\domains\www.minhtamprolab.com.vn\framework\base\CApplication.php(162): CWebApplication->processRequest()
#10 C:\OpenServer\domains\www.minhtamprolab.com.vn\index.php(17): CWebApplication->run()
REQUEST_URI=/index.php?r=inv/transfer/GetCountOfMonth
in C:\OpenServer\domains\www.minhtamprolab.com.vn\protected\modules\inv\controllers\TransferController.php (412)
in C:\OpenServer\domains\www.minhtamprolab.com.vn\protected\modules\rights\components\RController.php (43)
in C:\OpenServer\domains\www.minhtamprolab.com.vn\index.php (17)
2013/10/13 09:19:58 [error] [php] Only variables should be passed by reference (C:\OpenServer\domains\www.minhtamprolab.com.vn\protected\modules\inv\controllers\TransferController.php:412)
Stack trace:
#0 C:\OpenServer\domains\www.minhtamprolab.com.vn\framework\web\filters\CFilterChain.php(134): TransferController->runAction()
#1 C:\OpenServer\domains\www.minhtamprolab.com.vn\framework\web\filters\CFilter.php(41): CFilterChain->run()
#2 C:\OpenServer\domains\www.minhtamprolab.com.vn\protected\modules\rights\components\RController.php(43): RightsFilter->filter()
#3 C:\OpenServer\domains\www.minhtamprolab.com.vn\framework\web\filters\CInlineFilter.php(59): TransferController->filterRights()
#4 C:\OpenServer\domains\www.minhtamprolab.com.vn\framework\web\filters\CFilterChain.php(131): CInlineFilter->filter()
#5 C:\OpenServer\domains\www.minhtamprolab.com.vn\framework\web\CController.php(292): CFilterChain->run()
#6 C:\OpenServer\domains\www.minhtamprolab.com.vn\framework\web\CController.php(266): TransferController->runActionWithFilters()
#7 C:\OpenServer\domains\www.minhtamprolab.com.vn\framework\web\CWebApplication.php(283): TransferController->run()
#8 C:\OpenServer\domains\www.minhtamprolab.com.vn\framework\web\CWebApplication.php(142): CWebApplication->runController()
#9 C:\OpenServer\domains\www.minhtamprolab.com.vn\framework\base\CApplication.php(162): CWebApplication->processRequest()
#10 C:\OpenServer\domains\www.minhtamprolab.com.vn\index.php(17): CWebApplication->run()
REQUEST_URI=/index.php?r=inv/transfer/GetCountOfMonth
in C:\OpenServer\domains\www.minhtamprolab.com.vn\protected\modules\inv\controllers\TransferController.php (412)
in C:\OpenServer\domains\www.minhtamprolab.com.vn\protected\modules\rights\components\RController.php (43)
in C:\OpenServer\domains\www.minhtamprolab.com.vn\index.php (17)
2013/10/13 09:21:26 [error] [php] Only variables should be passed by reference (C:\OpenServer\domains\www.minhtamprolab.com.vn\protected\modules\inv\controllers\TransferController.php:412)
Stack trace:
#0 C:\OpenServer\domains\www.minhtamprolab.com.vn\framework\web\filters\CFilterChain.php(134): TransferController->runAction()
#1 C:\OpenServer\domains\www.minhtamprolab.com.vn\framework\web\filters\CFilter.php(41): CFilterChain->run()
#2 C:\OpenServer\domains\www.minhtamprolab.com.vn\protected\modules\rights\components\RController.php(43): RightsFilter->filter()
#3 C:\OpenServer\domains\www.minhtamprolab.com.vn\framework\web\filters\CInlineFilter.php(59): TransferController->filterRights()
#4 C:\OpenServer\domains\www.minhtamprolab.com.vn\framework\web\filters\CFilterChain.php(131): CInlineFilter->filter()
#5 C:\OpenServer\domains\www.minhtamprolab.com.vn\framework\web\CController.php(292): CFilterChain->run()
#6 C:\OpenServer\domains\www.minhtamprolab.com.vn\framework\web\CController.php(266): TransferController->runActionWithFilters()
#7 C:\OpenServer\domains\www.minhtamprolab.com.vn\framework\web\CWebApplication.php(283): TransferController->run()
#8 C:\OpenServer\domains\www.minhtamprolab.com.vn\framework\web\CWebApplication.php(142): CWebApplication->runController()
#9 C:\OpenServer\domains\www.minhtamprolab.com.vn\framework\base\CApplication.php(162): CWebApplication->processRequest()
#10 C:\OpenServer\domains\www.minhtamprolab.com.vn\index.php(17): CWebApplication->run()
REQUEST_URI=/index.php?r=inv/transfer/GetCountOfMonth
in C:\OpenServer\domains\www.minhtamprolab.com.vn\protected\modules\inv\controllers\TransferController.php (412)
in C:\OpenServer\domains\www.minhtamprolab.com.vn\protected\modules\rights\components\RController.php (43)
in C:\OpenServer\domains\www.minhtamprolab.com.vn\index.php (17)
2013/10/13 09:21:52 [error] [php] Only variables should be passed by reference (C:\OpenServer\domains\www.minhtamprolab.com.vn\protected\modules\inv\controllers\TransferController.php:412)
Stack trace:
#0 C:\OpenServer\domains\www.minhtamprolab.com.vn\framework\web\filters\CFilterChain.php(134): TransferController->runAction()
#1 C:\OpenServer\domains\www.minhtamprolab.com.vn\framework\web\filters\CFilter.php(41): CFilterChain->run()
#2 C:\OpenServer\domains\www.minhtamprolab.com.vn\protected\modules\rights\components\RController.php(43): RightsFilter->filter()
#3 C:\OpenServer\domains\www.minhtamprolab.com.vn\framework\web\filters\CInlineFilter.php(59): TransferController->filterRights()
#4 C:\OpenServer\domains\www.minhtamprolab.com.vn\framework\web\filters\CFilterChain.php(131): CInlineFilter->filter()
#5 C:\OpenServer\domains\www.minhtamprolab.com.vn\framework\web\CController.php(292): CFilterChain->run()
#6 C:\OpenServer\domains\www.minhtamprolab.com.vn\framework\web\CController.php(266): TransferController->runActionWithFilters()
#7 C:\OpenServer\domains\www.minhtamprolab.com.vn\framework\web\CWebApplication.php(283): TransferController->run()
#8 C:\OpenServer\domains\www.minhtamprolab.com.vn\framework\web\CWebApplication.php(142): CWebApplication->runController()
#9 C:\OpenServer\domains\www.minhtamprolab.com.vn\framework\base\CApplication.php(162): CWebApplication->processRequest()
#10 C:\OpenServer\domains\www.minhtamprolab.com.vn\index.php(17): CWebApplication->run()
REQUEST_URI=/index.php?r=inv/transfer/GetCountOfMonth
in C:\OpenServer\domains\www.minhtamprolab.com.vn\protected\modules\inv\controllers\TransferController.php (412)
in C:\OpenServer\domains\www.minhtamprolab.com.vn\protected\modules\rights\components\RController.php (43)
in C:\OpenServer\domains\www.minhtamprolab.com.vn\index.php (17)
2013/10/13 09:23:22 [error] [php] Only variables should be passed by reference (C:\OpenServer\domains\www.minhtamprolab.com.vn\protected\modules\inv\controllers\TransferController.php:412)
Stack trace:
#0 C:\OpenServer\domains\www.minhtamprolab.com.vn\framework\web\filters\CFilterChain.php(134): TransferController->runAction()
#1 C:\OpenServer\domains\www.minhtamprolab.com.vn\framework\web\filters\CFilter.php(41): CFilterChain->run()
#2 C:\OpenServer\domains\www.minhtamprolab.com.vn\protected\modules\rights\components\RController.php(43): RightsFilter->filter()
#3 C:\OpenServer\domains\www.minhtamprolab.com.vn\framework\web\filters\CInlineFilter.php(59): TransferController->filterRights()
#4 C:\OpenServer\domains\www.minhtamprolab.com.vn\framework\web\filters\CFilterChain.php(131): CInlineFilter->filter()
#5 C:\OpenServer\domains\www.minhtamprolab.com.vn\framework\web\CController.php(292): CFilterChain->run()
#6 C:\OpenServer\domains\www.minhtamprolab.com.vn\framework\web\CController.php(266): TransferController->runActionWithFilters()
#7 C:\OpenServer\domains\www.minhtamprolab.com.vn\framework\web\CWebApplication.php(283): TransferController->run()
#8 C:\OpenServer\domains\www.minhtamprolab.com.vn\framework\web\CWebApplication.php(142): CWebApplication->runController()
#9 C:\OpenServer\domains\www.minhtamprolab.com.vn\framework\base\CApplication.php(162): CWebApplication->processRequest()
#10 C:\OpenServer\domains\www.minhtamprolab.com.vn\index.php(17): CWebApplication->run()
REQUEST_URI=/index.php?r=inv/transfer/GetCountOfMonth
in C:\OpenServer\domains\www.minhtamprolab.com.vn\protected\modules\inv\controllers\TransferController.php (412)
in C:\OpenServer\domains\www.minhtamprolab.com.vn\protected\modules\rights\components\RController.php (43)
in C:\OpenServer\domains\www.minhtamprolab.com.vn\index.php (17)
2013/10/13 09:23:43 [error] [php] Only variables should be passed by reference (C:\OpenServer\domains\www.minhtamprolab.com.vn\protected\modules\inv\controllers\TransferController.php:412)
Stack trace:
#0 C:\OpenServer\domains\www.minhtamprolab.com.vn\framework\web\filters\CFilterChain.php(134): TransferController->runAction()
#1 C:\OpenServer\domains\www.minhtamprolab.com.vn\framework\web\filters\CFilter.php(41): CFilterChain->run()
#2 C:\OpenServer\domains\www.minhtamprolab.com.vn\protected\modules\rights\components\RController.php(43): RightsFilter->filter()
#3 C:\OpenServer\domains\www.minhtamprolab.com.vn\framework\web\filters\CInlineFilter.php(59): TransferController->filterRights()
#4 C:\OpenServer\domains\www.minhtamprolab.com.vn\framework\web\filters\CFilterChain.php(131): CInlineFilter->filter()
#5 C:\OpenServer\domains\www.minhtamprolab.com.vn\framework\web\CController.php(292): CFilterChain->run()
#6 C:\OpenServer\domains\www.minhtamprolab.com.vn\framework\web\CController.php(266): TransferController->runActionWithFilters()
#7 C:\OpenServer\domains\www.minhtamprolab.com.vn\framework\web\CWebApplication.php(283): TransferController->run()
#8 C:\OpenServer\domains\www.minhtamprolab.com.vn\framework\web\CWebApplication.php(142): CWebApplication->runController()
#9 C:\OpenServer\domains\www.minhtamprolab.com.vn\framework\base\CApplication.php(162): CWebApplication->processRequest()
#10 C:\OpenServer\domains\www.minhtamprolab.com.vn\index.php(17): CWebApplication->run()
REQUEST_URI=/index.php?r=inv/transfer/GetCountOfMonth
in C:\OpenServer\domains\www.minhtamprolab.com.vn\protected\modules\inv\controllers\TransferController.php (412)
in C:\OpenServer\domains\www.minhtamprolab.com.vn\protected\modules\rights\components\RController.php (43)
in C:\OpenServer\domains\www.minhtamprolab.com.vn\index.php (17)
2013/10/13 09:23:58 [error] [php] Only variables should be passed by reference (C:\OpenServer\domains\www.minhtamprolab.com.vn\protected\modules\inv\controllers\TransferController.php:412)
Stack trace:
#0 C:\OpenServer\domains\www.minhtamprolab.com.vn\framework\web\filters\CFilterChain.php(134): TransferController->runAction()
#1 C:\OpenServer\domains\www.minhtamprolab.com.vn\framework\web\filters\CFilter.php(41): CFilterChain->run()
#2 C:\OpenServer\domains\www.minhtamprolab.com.vn\protected\modules\rights\components\RController.php(43): RightsFilter->filter()
#3 C:\OpenServer\domains\www.minhtamprolab.com.vn\framework\web\filters\CInlineFilter.php(59): TransferController->filterRights()
#4 C:\OpenServer\domains\www.minhtamprolab.com.vn\framework\web\filters\CFilterChain.php(131): CInlineFilter->filter()
#5 C:\OpenServer\domains\www.minhtamprolab.com.vn\framework\web\CController.php(292): CFilterChain->run()
#6 C:\OpenServer\domains\www.minhtamprolab.com.vn\framework\web\CController.php(266): TransferController->runActionWithFilters()
#7 C:\OpenServer\domains\www.minhtamprolab.com.vn\framework\web\CWebApplication.php(283): TransferController->run()
#8 C:\OpenServer\domains\www.minhtamprolab.com.vn\framework\web\CWebApplication.php(142): CWebApplication->runController()
#9 C:\OpenServer\domains\www.minhtamprolab.com.vn\framework\base\CApplication.php(162): CWebApplication->processRequest()
#10 C:\OpenServer\domains\www.minhtamprolab.com.vn\index.php(17): CWebApplication->run()
REQUEST_URI=/index.php?r=inv/transfer/GetCountOfMonth
in C:\OpenServer\domains\www.minhtamprolab.com.vn\protected\modules\inv\controllers\TransferController.php (412)
in C:\OpenServer\domains\www.minhtamprolab.com.vn\protected\modules\rights\components\RController.php (43)
in C:\OpenServer\domains\www.minhtamprolab.com.vn\index.php (17)
2013/10/13 09:24:34 [error] [php] Only variables should be passed by reference (C:\OpenServer\domains\www.minhtamprolab.com.vn\protected\modules\inv\controllers\TransferController.php:412)
Stack trace:
#0 C:\OpenServer\domains\www.minhtamprolab.com.vn\framework\web\filters\CFilterChain.php(134): TransferController->runAction()
#1 C:\OpenServer\domains\www.minhtamprolab.com.vn\framework\web\filters\CFilter.php(41): CFilterChain->run()
#2 C:\OpenServer\domains\www.minhtamprolab.com.vn\protected\modules\rights\components\RController.php(43): RightsFilter->filter()
#3 C:\OpenServer\domains\www.minhtamprolab.com.vn\framework\web\filters\CInlineFilter.php(59): TransferController->filterRights()
#4 C:\OpenServer\domains\www.minhtamprolab.com.vn\framework\web\filters\CFilterChain.php(131): CInlineFilter->filter()
#5 C:\OpenServer\domains\www.minhtamprolab.com.vn\framework\web\CController.php(292): CFilterChain->run()
#6 C:\OpenServer\domains\www.minhtamprolab.com.vn\framework\web\CController.php(266): TransferController->runActionWithFilters()
#7 C:\OpenServer\domains\www.minhtamprolab.com.vn\framework\web\CWebApplication.php(283): TransferController->run()
#8 C:\OpenServer\domains\www.minhtamprolab.com.vn\framework\web\CWebApplication.php(142): CWebApplication->runController()
#9 C:\OpenServer\domains\www.minhtamprolab.com.vn\framework\base\CApplication.php(162): CWebApplication->processRequest()
#10 C:\OpenServer\domains\www.minhtamprolab.com.vn\index.php(17): CWebApplication->run()
REQUEST_URI=/index.php?r=inv/transfer/GetCountOfMonth
in C:\OpenServer\domains\www.minhtamprolab.com.vn\protected\modules\inv\controllers\TransferController.php (412)
in C:\OpenServer\domains\www.minhtamprolab.com.vn\protected\modules\rights\components\RController.php (43)
in C:\OpenServer\domains\www.minhtamprolab.com.vn\index.php (17)
2013/10/13 09:26:13 [error] [php] Only variables should be passed by reference (C:\OpenServer\domains\www.minhtamprolab.com.vn\protected\modules\inv\controllers\TransferController.php:412)
Stack trace:
#0 C:\OpenServer\domains\www.minhtamprolab.com.vn\framework\web\filters\CFilterChain.php(134): TransferController->runAction()
#1 C:\OpenServer\domains\www.minhtamprolab.com.vn\framework\web\filters\CFilter.php(41): CFilterChain->run()
#2 C:\OpenServer\domains\www.minhtamprolab.com.vn\protected\modules\rights\components\RController.php(43): RightsFilter->filter()
#3 C:\OpenServer\domains\www.minhtamprolab.com.vn\framework\web\filters\CInlineFilter.php(59): TransferController->filterRights()
#4 C:\OpenServer\domains\www.minhtamprolab.com.vn\framework\web\filters\CFilterChain.php(131): CInlineFilter->filter()
#5 C:\OpenServer\domains\www.minhtamprolab.com.vn\framework\web\CController.php(292): CFilterChain->run()
#6 C:\OpenServer\domains\www.minhtamprolab.com.vn\framework\web\CController.php(266): TransferController->runActionWithFilters()
#7 C:\OpenServer\domains\www.minhtamprolab.com.vn\framework\web\CWebApplication.php(283): TransferController->run()
#8 C:\OpenServer\domains\www.minhtamprolab.com.vn\framework\web\CWebApplication.php(142): CWebApplication->runController()
#9 C:\OpenServer\domains\www.minhtamprolab.com.vn\framework\base\CApplication.php(162): CWebApplication->processRequest()
#10 C:\OpenServer\domains\www.minhtamprolab.com.vn\index.php(17): CWebApplication->run()
REQUEST_URI=/index.php?r=inv/transfer/GetCountOfMonth
in C:\OpenServer\domains\www.minhtamprolab.com.vn\protected\modules\inv\controllers\TransferController.php (412)
in C:\OpenServer\domains\www.minhtamprolab.com.vn\protected\modules\rights\components\RController.php (43)
in C:\OpenServer\domains\www.minhtamprolab.com.vn\index.php (17)
2013/10/13 09:26:38 [error] [php] Only variables should be passed by reference (C:\OpenServer\domains\www.minhtamprolab.com.vn\protected\modules\inv\controllers\TransferController.php:412)
Stack trace:
#0 C:\OpenServer\domains\www.minhtamprolab.com.vn\framework\web\filters\CFilterChain.php(134): TransferController->runAction()
#1 C:\OpenServer\domains\www.minhtamprolab.com.vn\framework\web\filters\CFilter.php(41): CFilterChain->run()
#2 C:\OpenServer\domains\www.minhtamprolab.com.vn\protected\modules\rights\components\RController.php(43): RightsFilter->filter()
#3 C:\OpenServer\domains\www.minhtamprolab.com.vn\framework\web\filters\CInlineFilter.php(59): TransferController->filterRights()
#4 C:\OpenServer\domains\www.minhtamprolab.com.vn\framework\web\filters\CFilterChain.php(131): CInlineFilter->filter()
#5 C:\OpenServer\domains\www.minhtamprolab.com.vn\framework\web\CController.php(292): CFilterChain->run()
#6 C:\OpenServer\domains\www.minhtamprolab.com.vn\framework\web\CController.php(266): TransferController->runActionWithFilters()
#7 C:\OpenServer\domains\www.minhtamprolab.com.vn\framework\web\CWebApplication.php(283): TransferController->run()
#8 C:\OpenServer\domains\www.minhtamprolab.com.vn\framework\web\CWebApplication.php(142): CWebApplication->runController()
#9 C:\OpenServer\domains\www.minhtamprolab.com.vn\framework\base\CApplication.php(162): CWebApplication->processRequest()
#10 C:\OpenServer\domains\www.minhtamprolab.com.vn\index.php(17): CWebApplication->run()
REQUEST_URI=/index.php?r=inv/transfer/GetCountOfMonth
in C:\OpenServer\domains\www.minhtamprolab.com.vn\protected\modules\inv\controllers\TransferController.php (412)
in C:\OpenServer\domains\www.minhtamprolab.com.vn\protected\modules\rights\components\RController.php (43)
in C:\OpenServer\domains\www.minhtamprolab.com.vn\index.php (17)
2013/10/13 09:26:50 [error] [php] Only variables should be passed by reference (C:\OpenServer\domains\www.minhtamprolab.com.vn\protected\modules\inv\controllers\TransferController.php:412)
Stack trace:
#0 C:\OpenServer\domains\www.minhtamprolab.com.vn\framework\web\filters\CFilterChain.php(134): TransferController->runAction()
#1 C:\OpenServer\domains\www.minhtamprolab.com.vn\framework\web\filters\CFilter.php(41): CFilterChain->run()
#2 C:\OpenServer\domains\www.minhtamprolab.com.vn\protected\modules\rights\components\RController.php(43): RightsFilter->filter()
#3 C:\OpenServer\domains\www.minhtamprolab.com.vn\framework\web\filters\CInlineFilter.php(59): TransferController->filterRights()
#4 C:\OpenServer\domains\www.minhtamprolab.com.vn\framework\web\filters\CFilterChain.php(131): CInlineFilter->filter()
#5 C:\OpenServer\domains\www.minhtamprolab.com.vn\framework\web\CController.php(292): CFilterChain->run()
#6 C:\OpenServer\domains\www.minhtamprolab.com.vn\framework\web\CController.php(266): TransferController->runActionWithFilters()
#7 C:\OpenServer\domains\www.minhtamprolab.com.vn\framework\web\CWebApplication.php(283): TransferController->run()
#8 C:\OpenServer\domains\www.minhtamprolab.com.vn\framework\web\CWebApplication.php(142): CWebApplication->runController()
#9 C:\OpenServer\domains\www.minhtamprolab.com.vn\framework\base\CApplication.php(162): CWebApplication->processRequest()
#10 C:\OpenServer\domains\www.minhtamprolab.com.vn\index.php(17): CWebApplication->run()
REQUEST_URI=/index.php?r=inv/transfer/GetCountOfMonth
in C:\OpenServer\domains\www.minhtamprolab.com.vn\protected\modules\inv\controllers\TransferController.php (412)
in C:\OpenServer\domains\www.minhtamprolab.com.vn\protected\modules\rights\components\RController.php (43)
in C:\OpenServer\domains\www.minhtamprolab.com.vn\index.php (17)
2013/10/13 09:27:46 [error] [php] Only variables should be passed by reference (C:\OpenServer\domains\www.minhtamprolab.com.vn\protected\modules\inv\controllers\TransferController.php:412)
Stack trace:
#0 C:\OpenServer\domains\www.minhtamprolab.com.vn\framework\web\filters\CFilterChain.php(134): TransferController->runAction()
#1 C:\OpenServer\domains\www.minhtamprolab.com.vn\framework\web\filters\CFilter.php(41): CFilterChain->run()
#2 C:\OpenServer\domains\www.minhtamprolab.com.vn\protected\modules\rights\components\RController.php(43): RightsFilter->filter()
#3 C:\OpenServer\domains\www.minhtamprolab.com.vn\framework\web\filters\CInlineFilter.php(59): TransferController->filterRights()
#4 C:\OpenServer\domains\www.minhtamprolab.com.vn\framework\web\filters\CFilterChain.php(131): CInlineFilter->filter()
#5 C:\OpenServer\domains\www.minhtamprolab.com.vn\framework\web\CController.php(292): CFilterChain->run()
#6 C:\OpenServer\domains\www.minhtamprolab.com.vn\framework\web\CController.php(266): TransferController->runActionWithFilters()
#7 C:\OpenServer\domains\www.minhtamprolab.com.vn\framework\web\CWebApplication.php(283): TransferController->run()
#8 C:\OpenServer\domains\www.minhtamprolab.com.vn\framework\web\CWebApplication.php(142): CWebApplication->runController()
#9 C:\OpenServer\domains\www.minhtamprolab.com.vn\framework\base\CApplication.php(162): CWebApplication->processRequest()
#10 C:\OpenServer\domains\www.minhtamprolab.com.vn\index.php(17): CWebApplication->run()
REQUEST_URI=/index.php?r=inv/transfer/GetCountOfMonth
in C:\OpenServer\domains\www.minhtamprolab.com.vn\protected\modules\inv\controllers\TransferController.php (412)
in C:\OpenServer\domains\www.minhtamprolab.com.vn\protected\modules\rights\components\RController.php (43)
in C:\OpenServer\domains\www.minhtamprolab.com.vn\index.php (17)
2013/10/16 09:49:30 [error] [php] Undefined variable: printerPlan (C:\wamp\www\prolab\protected\modules\inv\views\warehouseout\createwithplan.php:21)
Stack trace:
#0 C:\wamp\www\prolab\framework\web\CController.php(870): WarehouseoutController->renderFile()
#1 C:\wamp\www\prolab\framework\web\CController.php(783): WarehouseoutController->renderPartial()
#2 C:\wamp\www\prolab\protected\modules\inv\controllers\WarehouseoutController.php(127): WarehouseoutController->render()
#3 C:\wamp\www\prolab\framework\web\actions\CInlineAction.php(50): WarehouseoutController->actionCreatewithplan()
#4 C:\wamp\www\prolab\framework\web\CController.php(309): CInlineAction->runWithParams()
#5 C:\wamp\www\prolab\framework\web\filters\CFilterChain.php(134): WarehouseoutController->runAction()
#6 C:\wamp\www\prolab\framework\web\filters\CFilter.php(41): CFilterChain->run()
#7 C:\wamp\www\prolab\protected\modules\rights\components\RController.php(43): RightsFilter->filter()
#8 C:\wamp\www\prolab\framework\web\filters\CInlineFilter.php(59): WarehouseoutController->filterRights()
#9 C:\wamp\www\prolab\framework\web\filters\CFilterChain.php(131): CInlineFilter->filter()
#10 C:\wamp\www\prolab\framework\web\CController.php(292): CFilterChain->run()
#11 C:\wamp\www\prolab\framework\web\CController.php(266): WarehouseoutController->runActionWithFilters()
#12 C:\wamp\www\prolab\framework\web\CWebApplication.php(283): WarehouseoutController->run()
#13 C:\wamp\www\prolab\framework\web\CWebApplication.php(142): CWebApplication->runController()
#14 C:\wamp\www\prolab\framework\base\CApplication.php(162): CWebApplication->processRequest()
#15 C:\wamp\www\prolab\index.php(17): CWebApplication->run()
REQUEST_URI=/prolab/index.php?r=inv/warehouseout/createwithplan
in C:\wamp\www\prolab\protected\modules\inv\views\warehouseout\createwithplan.php (21)
in C:\wamp\www\prolab\protected\modules\inv\controllers\WarehouseoutController.php (127)
in C:\wamp\www\prolab\protected\modules\rights\components\RController.php (43)
2013/10/16 09:49:57 [error] [php] Undefined variable: printerPlan (C:\wamp\www\prolab\protected\modules\inv\views\warehouseout\createwithplan.php:21)
Stack trace:
#0 C:\wamp\www\prolab\framework\web\CController.php(870): WarehouseoutController->renderFile()
#1 C:\wamp\www\prolab\framework\web\CController.php(783): WarehouseoutController->renderPartial()
#2 C:\wamp\www\prolab\protected\modules\inv\controllers\WarehouseoutController.php(127): WarehouseoutController->render()
#3 C:\wamp\www\prolab\framework\web\actions\CInlineAction.php(50): WarehouseoutController->actionCreatewithplan()
#4 C:\wamp\www\prolab\framework\web\CController.php(309): CInlineAction->runWithParams()
#5 C:\wamp\www\prolab\framework\web\filters\CFilterChain.php(134): WarehouseoutController->runAction()
#6 C:\wamp\www\prolab\framework\web\filters\CFilter.php(41): CFilterChain->run()
#7 C:\wamp\www\prolab\protected\modules\rights\components\RController.php(43): RightsFilter->filter()
#8 C:\wamp\www\prolab\framework\web\filters\CInlineFilter.php(59): WarehouseoutController->filterRights()
#9 C:\wamp\www\prolab\framework\web\filters\CFilterChain.php(131): CInlineFilter->filter()
#10 C:\wamp\www\prolab\framework\web\CController.php(292): CFilterChain->run()
#11 C:\wamp\www\prolab\framework\web\CController.php(266): WarehouseoutController->runActionWithFilters()
#12 C:\wamp\www\prolab\framework\web\CWebApplication.php(283): WarehouseoutController->run()
#13 C:\wamp\www\prolab\framework\web\CWebApplication.php(142): CWebApplication->runController()
#14 C:\wamp\www\prolab\framework\base\CApplication.php(162): CWebApplication->processRequest()
#15 C:\wamp\www\prolab\index.php(17): CWebApplication->run()
REQUEST_URI=/prolab/index.php?r=inv/warehouseout/createwithplan
in C:\wamp\www\prolab\protected\modules\inv\views\warehouseout\createwithplan.php (21)
in C:\wamp\www\prolab\protected\modules\inv\controllers\WarehouseoutController.php (127)
in C:\wamp\www\prolab\protected\modules\rights\components\RController.php (43)
2013/10/16 09:53:14 [error] [php] Undefined variable: printerPlan (C:\wamp\www\prolab\protected\modules\inv\views\warehouseout\createwithplan.php:21)
Stack trace:
#0 C:\wamp\www\prolab\framework\web\CController.php(870): WarehouseoutController->renderFile()
#1 C:\wamp\www\prolab\framework\web\CController.php(783): WarehouseoutController->renderPartial()
#2 C:\wamp\www\prolab\protected\modules\inv\controllers\WarehouseoutController.php(127): WarehouseoutController->render()
#3 C:\wamp\www\prolab\framework\web\actions\CInlineAction.php(50): WarehouseoutController->actionCreatewithplan()
#4 C:\wamp\www\prolab\framework\web\CController.php(309): CInlineAction->runWithParams()
#5 C:\wamp\www\prolab\framework\web\filters\CFilterChain.php(134): WarehouseoutController->runAction()
#6 C:\wamp\www\prolab\framework\web\filters\CFilter.php(41): CFilterChain->run()
#7 C:\wamp\www\prolab\protected\modules\rights\components\RController.php(43): RightsFilter->filter()
#8 C:\wamp\www\prolab\framework\web\filters\CInlineFilter.php(59): WarehouseoutController->filterRights()
#9 C:\wamp\www\prolab\framework\web\filters\CFilterChain.php(131): CInlineFilter->filter()
#10 C:\wamp\www\prolab\framework\web\CController.php(292): CFilterChain->run()
#11 C:\wamp\www\prolab\framework\web\CController.php(266): WarehouseoutController->runActionWithFilters()
#12 C:\wamp\www\prolab\framework\web\CWebApplication.php(283): WarehouseoutController->run()
#13 C:\wamp\www\prolab\framework\web\CWebApplication.php(142): CWebApplication->runController()
#14 C:\wamp\www\prolab\framework\base\CApplication.php(162): CWebApplication->processRequest()
#15 C:\wamp\www\prolab\index.php(17): CWebApplication->run()
REQUEST_URI=/prolab/index.php?r=inv/warehouseout/createwithplan
in C:\wamp\www\prolab\protected\modules\inv\views\warehouseout\createwithplan.php (21)
in C:\wamp\www\prolab\protected\modules\inv\controllers\WarehouseoutController.php (127)
in C:\wamp\www\prolab\protected\modules\rights\components\RController.php (43)
2013/10/16 10:45:20 [error] [php] Undefined variable: printerPlan (C:\wamp\www\prolab\protected\modules\inv\views\warehouseout\createwithplan.php:21)
Stack trace:
#0 C:\wamp\www\prolab\framework\web\CController.php(870): WarehouseoutController->renderFile()
#1 C:\wamp\www\prolab\framework\web\CController.php(783): WarehouseoutController->renderPartial()
#2 C:\wamp\www\prolab\protected\modules\inv\controllers\WarehouseoutController.php(127): WarehouseoutController->render()
#3 C:\wamp\www\prolab\framework\web\actions\CInlineAction.php(50): WarehouseoutController->actionCreatewithplan()
#4 C:\wamp\www\prolab\framework\web\CController.php(309): CInlineAction->runWithParams()
#5 C:\wamp\www\prolab\framework\web\filters\CFilterChain.php(134): WarehouseoutController->runAction()
#6 C:\wamp\www\prolab\framework\web\filters\CFilter.php(41): CFilterChain->run()
#7 C:\wamp\www\prolab\protected\modules\rights\components\RController.php(43): RightsFilter->filter()
#8 C:\wamp\www\prolab\framework\web\filters\CInlineFilter.php(59): WarehouseoutController->filterRights()
#9 C:\wamp\www\prolab\framework\web\filters\CFilterChain.php(131): CInlineFilter->filter()
#10 C:\wamp\www\prolab\framework\web\CController.php(292): CFilterChain->run()
#11 C:\wamp\www\prolab\framework\web\CController.php(266): WarehouseoutController->runActionWithFilters()
#12 C:\wamp\www\prolab\framework\web\CWebApplication.php(283): WarehouseoutController->run()
#13 C:\wamp\www\prolab\framework\web\CWebApplication.php(142): CWebApplication->runController()
#14 C:\wamp\www\prolab\framework\base\CApplication.php(162): CWebApplication->processRequest()
#15 C:\wamp\www\prolab\index.php(17): CWebApplication->run()
REQUEST_URI=/prolab/index.php?r=inv/warehouseout/createwithplan
in C:\wamp\www\prolab\protected\modules\inv\views\warehouseout\createwithplan.php (21)
in C:\wamp\www\prolab\protected\modules\inv\controllers\WarehouseoutController.php (127)
in C:\wamp\www\prolab\protected\modules\rights\components\RController.php (43)
2013/10/16 10:48:52 [error] [php] Undefined variable: printerPlan (C:\wamp\www\prolab\protected\modules\inv\views\warehouseout\createwithplan.php:21)
Stack trace:
#0 C:\wamp\www\prolab\framework\web\CController.php(870): WarehouseoutController->renderFile()
#1 C:\wamp\www\prolab\framework\web\CController.php(783): WarehouseoutController->renderPartial()
#2 C:\wamp\www\prolab\protected\modules\inv\controllers\WarehouseoutController.php(127): WarehouseoutController->render()
#3 C:\wamp\www\prolab\framework\web\actions\CInlineAction.php(50): WarehouseoutController->actionCreatewithplan()
#4 C:\wamp\www\prolab\framework\web\CController.php(309): CInlineAction->runWithParams()
#5 C:\wamp\www\prolab\framework\web\filters\CFilterChain.php(134): WarehouseoutController->runAction()
#6 C:\wamp\www\prolab\framework\web\filters\CFilter.php(41): CFilterChain->run()
#7 C:\wamp\www\prolab\protected\modules\rights\components\RController.php(43): RightsFilter->filter()
#8 C:\wamp\www\prolab\framework\web\filters\CInlineFilter.php(59): WarehouseoutController->filterRights()
#9 C:\wamp\www\prolab\framework\web\filters\CFilterChain.php(131): CInlineFilter->filter()
#10 C:\wamp\www\prolab\framework\web\CController.php(292): CFilterChain->run()
#11 C:\wamp\www\prolab\framework\web\CController.php(266): WarehouseoutController->runActionWithFilters()
#12 C:\wamp\www\prolab\framework\web\CWebApplication.php(283): WarehouseoutController->run()
#13 C:\wamp\www\prolab\framework\web\CWebApplication.php(142): CWebApplication->runController()
#14 C:\wamp\www\prolab\framework\base\CApplication.php(162): CWebApplication->processRequest()
#15 C:\wamp\www\prolab\index.php(17): CWebApplication->run()
REQUEST_URI=/prolab/index.php?r=inv/warehouseout/createwithplan
in C:\wamp\www\prolab\protected\modules\inv\views\warehouseout\createwithplan.php (21)
in C:\wamp\www\prolab\protected\modules\inv\controllers\WarehouseoutController.php (127)
in C:\wamp\www\prolab\protected\modules\rights\components\RController.php (43)
2013/10/16 11:34:06 [error] [exception.CException] exception 'CException' with message 'DefaultController không tìm được view: "/_leftmenu".' in C:\wamp\www\prolab\framework\web\CController.php:879
Stack trace:
#0 C:\wamp\www\prolab\protected\modules\pm\views\layouts\main.php(6): CController->renderPartial('/_leftmenu')
#1 C:\wamp\www\prolab\framework\web\CBaseController.php(127): require('C:\wamp\www\pro...')
#2 C:\wamp\www\prolab\framework\web\CBaseController.php(96): CBaseController->renderInternal('C:\wamp\www\pro...', Array, true)
#3 C:\wamp\www\prolab\framework\web\CController.php(785): CBaseController->renderFile('C:\wamp\www\pro...', Array, true)
#4 C:\wamp\www\prolab\protected\modules\pm\controllers\DefaultController.php(8): CController->render('index')
#5 C:\wamp\www\prolab\framework\web\actions\CInlineAction.php(50): DefaultController->actionIndex()
#6 C:\wamp\www\prolab\framework\web\CController.php(309): CInlineAction->runWithParams(Array)
#7 C:\wamp\www\prolab\framework\web\filters\CFilterChain.php(134): CController->runAction(Object(CInlineAction))
#8 C:\wamp\www\prolab\framework\web\filters\CFilter.php(41): CFilterChain->run()
#9 C:\wamp\www\prolab\protected\modules\rights\components\RController.php(43): CFilter->filter(Object(CFilterChain))
#10 C:\wamp\www\prolab\framework\web\filters\CInlineFilter.php(59): RController->filterRights(Object(CFilterChain))
#11 C:\wamp\www\prolab\framework\web\filters\CFilterChain.php(131): CInlineFilter->filter(Object(CFilterChain))
#12 C:\wamp\www\prolab\framework\web\CController.php(292): CFilterChain->run()
#13 C:\wamp\www\prolab\framework\web\CController.php(266): CController->runActionWithFilters(Object(CInlineAction), Array)
#14 C:\wamp\www\prolab\framework\web\CWebApplication.php(283): CController->run('')
#15 C:\wamp\www\prolab\framework\web\CWebApplication.php(142): CWebApplication->runController('pm/')
#16 C:\wamp\www\prolab\framework\base\CApplication.php(162): CWebApplication->processRequest()
#17 C:\wamp\www\prolab\index.php(17): CApplication->run()
#18 {main}
REQUEST_URI=/prolab/index.php?r=pm/
---
2013/10/16 11:34:40 [error] [php] Undefined variable: fdate (C:\wamp\www\prolab\protected\modules\pm\views\_leftmenu.php:29)
Stack trace:
#0 C:\wamp\www\prolab\framework\web\CController.php(870): DefaultController->renderFile()
#1 C:\wamp\www\prolab\protected\modules\pm\views\layouts\main.php(6): DefaultController->renderPartial()
#2 C:\wamp\www\prolab\framework\web\CBaseController.php(127): require()
#3 C:\wamp\www\prolab\framework\web\CBaseController.php(96): DefaultController->renderInternal()
#4 C:\wamp\www\prolab\framework\web\CController.php(785): DefaultController->renderFile()
#5 C:\wamp\www\prolab\protected\modules\pm\controllers\DefaultController.php(8): DefaultController->render()
#6 C:\wamp\www\prolab\framework\web\actions\CInlineAction.php(50): DefaultController->actionIndex()
#7 C:\wamp\www\prolab\framework\web\CController.php(309): CInlineAction->runWithParams()
#8 C:\wamp\www\prolab\framework\web\filters\CFilterChain.php(134): DefaultController->runAction()
#9 C:\wamp\www\prolab\framework\web\filters\CFilter.php(41): CFilterChain->run()
#10 C:\wamp\www\prolab\protected\modules\rights\components\RController.php(43): RightsFilter->filter()
#11 C:\wamp\www\prolab\framework\web\filters\CInlineFilter.php(59): DefaultController->filterRights()
#12 C:\wamp\www\prolab\framework\web\filters\CFilterChain.php(131): CInlineFilter->filter()
#13 C:\wamp\www\prolab\framework\web\CController.php(292): CFilterChain->run()
#14 C:\wamp\www\prolab\framework\web\CController.php(266): DefaultController->runActionWithFilters()
#15 C:\wamp\www\prolab\framework\web\CWebApplication.php(283): DefaultController->run()
#16 C:\wamp\www\prolab\framework\web\CWebApplication.php(142): CWebApplication->runController()
#17 C:\wamp\www\prolab\framework\base\CApplication.php(162): CWebApplication->processRequest()
#18 C:\wamp\www\prolab\index.php(17): CWebApplication->run()
REQUEST_URI=/prolab/index.php?r=pm/
in C:\wamp\www\prolab\protected\modules\pm\views\_leftmenu.php (29)
in C:\wamp\www\prolab\protected\modules\pm\views\layouts\main.php (6)
in C:\wamp\www\prolab\protected\modules\pm\controllers\DefaultController.php (8)
2013/10/16 12:40:22 [error] [php] Trying to get property of non-object (C:\wamp\www\prolab\protected\views\layouts\main.php:45)
Stack trace:
#0 C:\wamp\www\prolab\framework\web\widgets\CContentDecorator.php(77): DefaultController->renderFile()
#1 C:\wamp\www\prolab\framework\web\widgets\CContentDecorator.php(55): CContentDecorator->decorate()
#2 C:\wamp\www\prolab\framework\web\widgets\COutputProcessor.php(45): CContentDecorator->processOutput()
#3 C:\wamp\www\prolab\framework\web\CBaseController.php(207): CContentDecorator->run()
#4 C:\wamp\www\prolab\framework\web\CBaseController.php(301): DefaultController->endWidget()
#5 C:\wamp\www\prolab\protected\modules\pm\views\layouts\main.php(20): DefaultController->endContent()
#6 C:\wamp\www\prolab\framework\web\CBaseController.php(127): require()
#7 C:\wamp\www\prolab\framework\web\CBaseController.php(96): DefaultController->renderInternal()
#8 C:\wamp\www\prolab\framework\web\CController.php(785): DefaultController->renderFile()
#9 C:\wamp\www\prolab\protected\modules\pm\controllers\DefaultController.php(8): DefaultController->render()
#10 C:\wamp\www\prolab\framework\web\actions\CInlineAction.php(50): DefaultController->actionIndex()
#11 C:\wamp\www\prolab\framework\web\CController.php(309): CInlineAction->runWithParams()
#12 C:\wamp\www\prolab\framework\web\filters\CFilterChain.php(134): DefaultController->runAction()
#13 C:\wamp\www\prolab\framework\web\filters\CFilter.php(41): CFilterChain->run()
#14 C:\wamp\www\prolab\protected\modules\rights\components\RController.php(43): RightsFilter->filter()
#15 C:\wamp\www\prolab\framework\web\filters\CInlineFilter.php(59): DefaultController->filterRights()
#16 C:\wamp\www\prolab\framework\web\filters\CFilterChain.php(131): CInlineFilter->filter()
#17 C:\wamp\www\prolab\framework\web\CController.php(292): CFilterChain->run()
#18 C:\wamp\www\prolab\framework\web\CController.php(266): DefaultController->runActionWithFilters()
#19 C:\wamp\www\prolab\framework\web\CWebApplication.php(283): DefaultController->run()
#20 C:\wamp\www\prolab\framework\web\CWebApplication.php(142): CWebApplication->runController()
#21 C:\wamp\www\prolab\framework\base\CApplication.php(162): CWebApplication->processRequest()
#22 C:\wamp\www\prolab\index.php(17): CWebApplication->run()
REQUEST_URI=/prolab/index.php?r=pm/default/index
in C:\wamp\www\prolab\protected\views\layouts\main.php (45)
in C:\wamp\www\prolab\protected\modules\pm\views\layouts\main.php (20)
in C:\wamp\www\prolab\protected\modules\pm\controllers\DefaultController.php (8)
2013/10/16 12:40:43 [error] [exception.CException] exception 'CException' with message 'Thuộc tính "PmModule.defaultUrl" chưa được định nghĩa.' in C:\wamp\www\prolab\framework\base\CComponent.php:131
Stack trace:
#0 C:\wamp\www\prolab\framework\base\CModule.php(106): CComponent->__get('defaultUrl')
#1 C:\wamp\www\prolab\protected\views\layouts\main.php(45): CModule->__get('defaultUrl')
#2 C:\wamp\www\prolab\framework\web\CBaseController.php(127): require('C:\wamp\www\pro...')
#3 C:\wamp\www\prolab\framework\web\CBaseController.php(96): CBaseController->renderInternal('C:\wamp\www\pro...', Array, true)
#4 C:\wamp\www\prolab\framework\web\widgets\CContentDecorator.php(77): CBaseController->renderFile('C:\wamp\www\pro...', Array, true)
#5 C:\wamp\www\prolab\framework\web\widgets\CContentDecorator.php(55): CContentDecorator->decorate('<div class="row...')
#6 C:\wamp\www\prolab\framework\web\widgets\COutputProcessor.php(45): CContentDecorator->processOutput('<div class="row...')
#7 C:\wamp\www\prolab\framework\web\CBaseController.php(207): COutputProcessor->run()
#8 C:\wamp\www\prolab\framework\web\CBaseController.php(301): CBaseController->endWidget('CContentDecorat...')
#9 C:\wamp\www\prolab\protected\modules\pm\views\layouts\main.php(20): CBaseController->endContent()
#10 C:\wamp\www\prolab\framework\web\CBaseController.php(127): require('C:\wamp\www\pro...')
#11 C:\wamp\www\prolab\framework\web\CBaseController.php(96): CBaseController->renderInternal('C:\wamp\www\pro...', Array, true)
#12 C:\wamp\www\prolab\framework\web\CController.php(785): CBaseController->renderFile('C:\wamp\www\pro...', Array, true)
#13 C:\wamp\www\prolab\protected\modules\pm\controllers\DefaultController.php(8): CController->render('index')
#14 C:\wamp\www\prolab\framework\web\actions\CInlineAction.php(50): DefaultController->actionIndex()
#15 C:\wamp\www\prolab\framework\web\CController.php(309): CInlineAction->runWithParams(Array)
#16 C:\wamp\www\prolab\framework\web\filters\CFilterChain.php(134): CController->runAction(Object(CInlineAction))
#17 C:\wamp\www\prolab\framework\web\filters\CFilter.php(41): CFilterChain->run()
#18 C:\wamp\www\prolab\protected\modules\rights\components\RController.php(43): CFilter->filter(Object(CFilterChain))
#19 C:\wamp\www\prolab\framework\web\filters\CInlineFilter.php(59): RController->filterRights(Object(CFilterChain))
#20 C:\wamp\www\prolab\framework\web\filters\CFilterChain.php(131): CInlineFilter->filter(Object(CFilterChain))
#21 C:\wamp\www\prolab\framework\web\CController.php(292): CFilterChain->run()
#22 C:\wamp\www\prolab\framework\web\CController.php(266): CController->runActionWithFilters(Object(CInlineAction), Array)
#23 C:\wamp\www\prolab\framework\web\CWebApplication.php(283): CController->run('index')
#24 C:\wamp\www\prolab\framework\web\CWebApplication.php(142): CWebApplication->runController('pm/default/inde...')
#25 C:\wamp\www\prolab\framework\base\CApplication.php(162): CWebApplication->processRequest()
#26 C:\wamp\www\prolab\index.php(17): CApplication->run()
#27 {main}
REQUEST_URI=/prolab/index.php?r=pm/default/index
---
2013/10/16 12:41:36 [error] [exception.CHttpException.404] exception 'CHttpException' with message 'Không thể giải quyết yêu cầu "pm/pm/default/index".' in C:\wamp\www\prolab\framework\web\CWebApplication.php:287
Stack trace:
#0 C:\wamp\www\prolab\framework\web\CWebApplication.php(142): CWebApplication->runController('pm/pm/default/i...')
#1 C:\wamp\www\prolab\framework\base\CApplication.php(162): CWebApplication->processRequest()
#2 C:\wamp\www\prolab\index.php(17): CApplication->run()
#3 {main}
REQUEST_URI=/prolab/index.php?r=pm/pm/default/index
HTTP_REFERER=http://localhost:8080/prolab/index.php?r=pm/default/index
---
2013/10/16 12:41:44 [error] [exception.CHttpException.404] exception 'CHttpException' with message 'Không thể giải quyết yêu cầu "pm/pm/default/index".' in C:\wamp\www\prolab\framework\web\CWebApplication.php:287
Stack trace:
#0 C:\wamp\www\prolab\framework\web\CWebApplication.php(142): CWebApplication->runController('pm/pm/default/i...')
#1 C:\wamp\www\prolab\framework\base\CApplication.php(162): CWebApplication->processRequest()
#2 C:\wamp\www\prolab\index.php(17): CApplication->run()
#3 {main}
REQUEST_URI=/prolab/index.php?r=pm/pm/default/index
HTTP_REFERER=http://localhost:8080/prolab/index.php?r=pm/default/index
---
2013/10/16 15:22:10 [error] [php] Trying to get property of non-object (C:\wamp\www\prolab\protected\modules\pm\models\PrinterPlan.php:81)
Stack trace:
#0 C:\wamp\www\prolab\framework\base\CModel.php(158): CInlineValidator->validate()
#1 C:\wamp\www\prolab\protected\modules\pm\controllers\PrinterPlanController.php(77): PrinterPlan->validate()
#2 C:\wamp\www\prolab\framework\web\actions\CInlineAction.php(50): PrinterPlanController->actionCreate()
#3 C:\wamp\www\prolab\framework\web\CController.php(309): CInlineAction->runWithParams()
#4 C:\wamp\www\prolab\framework\web\filters\CFilterChain.php(134): PrinterPlanController->runAction()
#5 C:\wamp\www\prolab\framework\web\filters\CFilter.php(41): CFilterChain->run()
#6 C:\wamp\www\prolab\framework\web\CController.php(1146): CAccessControlFilter->filter()
#7 C:\wamp\www\prolab\framework\web\filters\CInlineFilter.php(59): PrinterPlanController->filterAccessControl()
#8 C:\wamp\www\prolab\framework\web\filters\CFilterChain.php(131): CInlineFilter->filter()
#9 C:\wamp\www\prolab\framework\web\CController.php(292): CFilterChain->run()
#10 C:\wamp\www\prolab\framework\web\CController.php(266): PrinterPlanController->runActionWithFilters()
#11 C:\wamp\www\prolab\framework\web\CWebApplication.php(283): PrinterPlanController->run()
#12 C:\wamp\www\prolab\framework\web\CWebApplication.php(142): CWebApplication->runController()
#13 C:\wamp\www\prolab\framework\base\CApplication.php(162): CWebApplication->processRequest()
#14 C:\wamp\www\prolab\index.php(17): CWebApplication->run()
REQUEST_URI=/prolab/index.php?r=pm/printerPlan/create&ajax=1
in C:\wamp\www\prolab\protected\modules\pm\models\PrinterPlan.php (81)
in C:\wamp\www\prolab\protected\modules\pm\controllers\PrinterPlanController.php (77)
in C:\wamp\www\prolab\index.php (17)
2013/10/16 15:22:24 [error] [php] Trying to get property of non-object (C:\wamp\www\prolab\protected\modules\pm\models\PrinterPlan.php:81)
Stack trace:
#0 C:\wamp\www\prolab\framework\base\CModel.php(158): CInlineValidator->validate()
#1 C:\wamp\www\prolab\protected\modules\pm\controllers\PrinterPlanController.php(77): PrinterPlan->validate()
#2 C:\wamp\www\prolab\framework\web\actions\CInlineAction.php(50): PrinterPlanController->actionCreate()
#3 C:\wamp\www\prolab\framework\web\CController.php(309): CInlineAction->runWithParams()
#4 C:\wamp\www\prolab\framework\web\filters\CFilterChain.php(134): PrinterPlanController->runAction()
#5 C:\wamp\www\prolab\framework\web\filters\CFilter.php(41): CFilterChain->run()
#6 C:\wamp\www\prolab\framework\web\CController.php(1146): CAccessControlFilter->filter()
#7 C:\wamp\www\prolab\framework\web\filters\CInlineFilter.php(59): PrinterPlanController->filterAccessControl()
#8 C:\wamp\www\prolab\framework\web\filters\CFilterChain.php(131): CInlineFilter->filter()
#9 C:\wamp\www\prolab\framework\web\CController.php(292): CFilterChain->run()
#10 C:\wamp\www\prolab\framework\web\CController.php(266): PrinterPlanController->runActionWithFilters()
#11 C:\wamp\www\prolab\framework\web\CWebApplication.php(283): PrinterPlanController->run()
#12 C:\wamp\www\prolab\framework\web\CWebApplication.php(142): CWebApplication->runController()
#13 C:\wamp\www\prolab\framework\base\CApplication.php(162): CWebApplication->processRequest()
#14 C:\wamp\www\prolab\index.php(17): CWebApplication->run()
REQUEST_URI=/prolab/index.php?r=pm/printerPlan/create&ajax=1
in C:\wamp\www\prolab\protected\modules\pm\models\PrinterPlan.php (81)
in C:\wamp\www\prolab\protected\modules\pm\controllers\PrinterPlanController.php (77)
in C:\wamp\www\prolab\index.php (17)
2013/10/16 15:22:26 [error] [php] Trying to get property of non-object (C:\wamp\www\prolab\protected\modules\pm\models\PrinterPlan.php:81)
Stack trace:
#0 C:\wamp\www\prolab\framework\base\CModel.php(158): CInlineValidator->validate()
#1 C:\wamp\www\prolab\protected\modules\pm\controllers\PrinterPlanController.php(77): PrinterPlan->validate()
#2 C:\wamp\www\prolab\framework\web\actions\CInlineAction.php(50): PrinterPlanController->actionCreate()
#3 C:\wamp\www\prolab\framework\web\CController.php(309): CInlineAction->runWithParams()
#4 C:\wamp\www\prolab\framework\web\filters\CFilterChain.php(134): PrinterPlanController->runAction()
#5 C:\wamp\www\prolab\framework\web\filters\CFilter.php(41): CFilterChain->run()
#6 C:\wamp\www\prolab\framework\web\CController.php(1146): CAccessControlFilter->filter()
#7 C:\wamp\www\prolab\framework\web\filters\CInlineFilter.php(59): PrinterPlanController->filterAccessControl()
#8 C:\wamp\www\prolab\framework\web\filters\CFilterChain.php(131): CInlineFilter->filter()
#9 C:\wamp\www\prolab\framework\web\CController.php(292): CFilterChain->run()
#10 C:\wamp\www\prolab\framework\web\CController.php(266): PrinterPlanController->runActionWithFilters()
#11 C:\wamp\www\prolab\framework\web\CWebApplication.php(283): PrinterPlanController->run()
#12 C:\wamp\www\prolab\framework\web\CWebApplication.php(142): CWebApplication->runController()
#13 C:\wamp\www\prolab\framework\base\CApplication.php(162): CWebApplication->processRequest()
#14 C:\wamp\www\prolab\index.php(17): CWebApplication->run()
REQUEST_URI=/prolab/index.php?r=pm/printerPlan/create&ajax=1
in C:\wamp\www\prolab\protected\modules\pm\models\PrinterPlan.php (81)
in C:\wamp\www\prolab\protected\modules\pm\controllers\PrinterPlanController.php (77)
in C:\wamp\www\prolab\index.php (17)
2013/10/16 15:22:26 [error] [php] Trying to get property of non-object (C:\wamp\www\prolab\protected\modules\pm\models\PrinterPlan.php:81)
Stack trace:
#0 C:\wamp\www\prolab\framework\base\CModel.php(158): CInlineValidator->validate()
#1 C:\wamp\www\prolab\protected\modules\pm\controllers\PrinterPlanController.php(77): PrinterPlan->validate()
#2 C:\wamp\www\prolab\framework\web\actions\CInlineAction.php(50): PrinterPlanController->actionCreate()
#3 C:\wamp\www\prolab\framework\web\CController.php(309): CInlineAction->runWithParams()
#4 C:\wamp\www\prolab\framework\web\filters\CFilterChain.php(134): PrinterPlanController->runAction()
#5 C:\wamp\www\prolab\framework\web\filters\CFilter.php(41): CFilterChain->run()
#6 C:\wamp\www\prolab\framework\web\CController.php(1146): CAccessControlFilter->filter()
#7 C:\wamp\www\prolab\framework\web\filters\CInlineFilter.php(59): PrinterPlanController->filterAccessControl()
#8 C:\wamp\www\prolab\framework\web\filters\CFilterChain.php(131): CInlineFilter->filter()
#9 C:\wamp\www\prolab\framework\web\CController.php(292): CFilterChain->run()
#10 C:\wamp\www\prolab\framework\web\CController.php(266): PrinterPlanController->runActionWithFilters()
#11 C:\wamp\www\prolab\framework\web\CWebApplication.php(283): PrinterPlanController->run()
#12 C:\wamp\www\prolab\framework\web\CWebApplication.php(142): CWebApplication->runController()
#13 C:\wamp\www\prolab\framework\base\CApplication.php(162): CWebApplication->processRequest()
#14 C:\wamp\www\prolab\index.php(17): CWebApplication->run()
REQUEST_URI=/prolab/index.php?r=pm/printerPlan/create&ajax=1
in C:\wamp\www\prolab\protected\modules\pm\models\PrinterPlan.php (81)
in C:\wamp\www\prolab\protected\modules\pm\controllers\PrinterPlanController.php (77)
in C:\wamp\www\prolab\index.php (17)
2013/10/16 15:22:29 [error] [php] Trying to get property of non-object (C:\wamp\www\prolab\protected\modules\pm\models\PrinterPlan.php:81)
Stack trace:
#0 C:\wamp\www\prolab\framework\base\CModel.php(158): CInlineValidator->validate()
#1 C:\wamp\www\prolab\protected\modules\pm\controllers\PrinterPlanController.php(77): PrinterPlan->validate()
#2 C:\wamp\www\prolab\framework\web\actions\CInlineAction.php(50): PrinterPlanController->actionCreate()
#3 C:\wamp\www\prolab\framework\web\CController.php(309): CInlineAction->runWithParams()
#4 C:\wamp\www\prolab\framework\web\filters\CFilterChain.php(134): PrinterPlanController->runAction()
#5 C:\wamp\www\prolab\framework\web\filters\CFilter.php(41): CFilterChain->run()
#6 C:\wamp\www\prolab\framework\web\CController.php(1146): CAccessControlFilter->filter()
#7 C:\wamp\www\prolab\framework\web\filters\CInlineFilter.php(59): PrinterPlanController->filterAccessControl()
#8 C:\wamp\www\prolab\framework\web\filters\CFilterChain.php(131): CInlineFilter->filter()
#9 C:\wamp\www\prolab\framework\web\CController.php(292): CFilterChain->run()
#10 C:\wamp\www\prolab\framework\web\CController.php(266): PrinterPlanController->runActionWithFilters()
#11 C:\wamp\www\prolab\framework\web\CWebApplication.php(283): PrinterPlanController->run()
#12 C:\wamp\www\prolab\framework\web\CWebApplication.php(142): CWebApplication->runController()
#13 C:\wamp\www\prolab\framework\base\CApplication.php(162): CWebApplication->processRequest()
#14 C:\wamp\www\prolab\index.php(17): CWebApplication->run()
REQUEST_URI=/prolab/index.php?r=pm/printerPlan/create&ajax=1
in C:\wamp\www\prolab\protected\modules\pm\models\PrinterPlan.php (81)
in C:\wamp\www\prolab\protected\modules\pm\controllers\PrinterPlanController.php (77)
in C:\wamp\www\prolab\index.php (17)
2013/10/16 15:22:29 [error] [php] Trying to get property of non-object (C:\wamp\www\prolab\protected\modules\pm\models\PrinterPlan.php:81)
Stack trace:
#0 C:\wamp\www\prolab\framework\base\CModel.php(158): CInlineValidator->validate()
#1 C:\wamp\www\prolab\protected\modules\pm\controllers\PrinterPlanController.php(77): PrinterPlan->validate()
#2 C:\wamp\www\prolab\framework\web\actions\CInlineAction.php(50): PrinterPlanController->actionCreate()
#3 C:\wamp\www\prolab\framework\web\CController.php(309): CInlineAction->runWithParams()
#4 C:\wamp\www\prolab\framework\web\filters\CFilterChain.php(134): PrinterPlanController->runAction()
#5 C:\wamp\www\prolab\framework\web\filters\CFilter.php(41): CFilterChain->run()
#6 C:\wamp\www\prolab\framework\web\CController.php(1146): CAccessControlFilter->filter()
#7 C:\wamp\www\prolab\framework\web\filters\CInlineFilter.php(59): PrinterPlanController->filterAccessControl()
#8 C:\wamp\www\prolab\framework\web\filters\CFilterChain.php(131): CInlineFilter->filter()
#9 C:\wamp\www\prolab\framework\web\CController.php(292): CFilterChain->run()
#10 C:\wamp\www\prolab\framework\web\CController.php(266): PrinterPlanController->runActionWithFilters()
#11 C:\wamp\www\prolab\framework\web\CWebApplication.php(283): PrinterPlanController->run()
#12 C:\wamp\www\prolab\framework\web\CWebApplication.php(142): CWebApplication->runController()
#13 C:\wamp\www\prolab\framework\base\CApplication.php(162): CWebApplication->processRequest()
#14 C:\wamp\www\prolab\index.php(17): CWebApplication->run()
REQUEST_URI=/prolab/index.php?r=pm/printerPlan/create&ajax=1
in C:\wamp\www\prolab\protected\modules\pm\models\PrinterPlan.php (81)
in C:\wamp\www\prolab\protected\modules\pm\controllers\PrinterPlanController.php (77)
in C:\wamp\www\prolab\index.php (17)
2013/10/16 15:22:30 [error] [php] Trying to get property of non-object (C:\wamp\www\prolab\protected\modules\pm\models\PrinterPlan.php:81)
Stack trace:
#0 C:\wamp\www\prolab\framework\base\CModel.php(158): CInlineValidator->validate()
#1 C:\wamp\www\prolab\protected\modules\pm\controllers\PrinterPlanController.php(77): PrinterPlan->validate()
#2 C:\wamp\www\prolab\framework\web\actions\CInlineAction.php(50): PrinterPlanController->actionCreate()
#3 C:\wamp\www\prolab\framework\web\CController.php(309): CInlineAction->runWithParams()
#4 C:\wamp\www\prolab\framework\web\filters\CFilterChain.php(134): PrinterPlanController->runAction()
#5 C:\wamp\www\prolab\framework\web\filters\CFilter.php(41): CFilterChain->run()
#6 C:\wamp\www\prolab\framework\web\CController.php(1146): CAccessControlFilter->filter()
#7 C:\wamp\www\prolab\framework\web\filters\CInlineFilter.php(59): PrinterPlanController->filterAccessControl()
#8 C:\wamp\www\prolab\framework\web\filters\CFilterChain.php(131): CInlineFilter->filter()
#9 C:\wamp\www\prolab\framework\web\CController.php(292): CFilterChain->run()
#10 C:\wamp\www\prolab\framework\web\CController.php(266): PrinterPlanController->runActionWithFilters()
#11 C:\wamp\www\prolab\framework\web\CWebApplication.php(283): PrinterPlanController->run()
#12 C:\wamp\www\prolab\framework\web\CWebApplication.php(142): CWebApplication->runController()
#13 C:\wamp\www\prolab\framework\base\CApplication.php(162): CWebApplication->processRequest()
#14 C:\wamp\www\prolab\index.php(17): CWebApplication->run()
REQUEST_URI=/prolab/index.php?r=pm/printerPlan/create&ajax=1
in C:\wamp\www\prolab\protected\modules\pm\models\PrinterPlan.php (81)
in C:\wamp\www\prolab\protected\modules\pm\controllers\PrinterPlanController.php (77)
in C:\wamp\www\prolab\index.php (17)
2013/10/16 15:22:30 [error] [php] Trying to get property of non-object (C:\wamp\www\prolab\protected\modules\pm\models\PrinterPlan.php:81)
Stack trace:
#0 C:\wamp\www\prolab\framework\base\CModel.php(158): CInlineValidator->validate()
#1 C:\wamp\www\prolab\protected\modules\pm\controllers\PrinterPlanController.php(77): PrinterPlan->validate()
#2 C:\wamp\www\prolab\framework\web\actions\CInlineAction.php(50): PrinterPlanController->actionCreate()
#3 C:\wamp\www\prolab\framework\web\CController.php(309): CInlineAction->runWithParams()
#4 C:\wamp\www\prolab\framework\web\filters\CFilterChain.php(134): PrinterPlanController->runAction()
#5 C:\wamp\www\prolab\framework\web\filters\CFilter.php(41): CFilterChain->run()
#6 C:\wamp\www\prolab\framework\web\CController.php(1146): CAccessControlFilter->filter()
#7 C:\wamp\www\prolab\framework\web\filters\CInlineFilter.php(59): PrinterPlanController->filterAccessControl()
#8 C:\wamp\www\prolab\framework\web\filters\CFilterChain.php(131): CInlineFilter->filter()
#9 C:\wamp\www\prolab\framework\web\CController.php(292): CFilterChain->run()
#10 C:\wamp\www\prolab\framework\web\CController.php(266): PrinterPlanController->runActionWithFilters()
#11 C:\wamp\www\prolab\framework\web\CWebApplication.php(283): PrinterPlanController->run()
#12 C:\wamp\www\prolab\framework\web\CWebApplication.php(142): CWebApplication->runController()
#13 C:\wamp\www\prolab\framework\base\CApplication.php(162): CWebApplication->processRequest()
#14 C:\wamp\www\prolab\index.php(17): CWebApplication->run()
REQUEST_URI=/prolab/index.php?r=pm/printerPlan/create&ajax=1
in C:\wamp\www\prolab\protected\modules\pm\models\PrinterPlan.php (81)
in C:\wamp\www\prolab\protected\modules\pm\controllers\PrinterPlanController.php (77)
in C:\wamp\www\prolab\index.php (17)
2013/10/16 15:23:23 [error] [php] Trying to get property of non-object (C:\wamp\www\prolab\protected\modules\pm\models\PrinterPlan.php:81)
Stack trace:
#0 C:\wamp\www\prolab\framework\base\CModel.php(158): CInlineValidator->validate()
#1 C:\wamp\www\prolab\protected\modules\pm\controllers\PrinterPlanController.php(77): PrinterPlan->validate()
#2 C:\wamp\www\prolab\framework\web\actions\CInlineAction.php(50): PrinterPlanController->actionCreate()
#3 C:\wamp\www\prolab\framework\web\CController.php(309): CInlineAction->runWithParams()
#4 C:\wamp\www\prolab\framework\web\filters\CFilterChain.php(134): PrinterPlanController->runAction()
#5 C:\wamp\www\prolab\framework\web\filters\CFilter.php(41): CFilterChain->run()
#6 C:\wamp\www\prolab\framework\web\CController.php(1146): CAccessControlFilter->filter()
#7 C:\wamp\www\prolab\framework\web\filters\CInlineFilter.php(59): PrinterPlanController->filterAccessControl()
#8 C:\wamp\www\prolab\framework\web\filters\CFilterChain.php(131): CInlineFilter->filter()
#9 C:\wamp\www\prolab\framework\web\CController.php(292): CFilterChain->run()
#10 C:\wamp\www\prolab\framework\web\CController.php(266): PrinterPlanController->runActionWithFilters()
#11 C:\wamp\www\prolab\framework\web\CWebApplication.php(283): PrinterPlanController->run()
#12 C:\wamp\www\prolab\framework\web\CWebApplication.php(142): CWebApplication->runController()
#13 C:\wamp\www\prolab\framework\base\CApplication.php(162): CWebApplication->processRequest()
#14 C:\wamp\www\prolab\index.php(17): CWebApplication->run()
REQUEST_URI=/prolab/index.php?r=pm/printerPlan/create
in C:\wamp\www\prolab\protected\modules\pm\models\PrinterPlan.php (81)
in C:\wamp\www\prolab\protected\modules\pm\controllers\PrinterPlanController.php (77)
in C:\wamp\www\prolab\index.php (17)
